<?xml version="1.0" encoding="UTF-8"?>
<robot generator="Robot 6.0.2 (Python 3.11.2 on win32)" generated="20230308 16:06:30.048" rpa="false" schemaversion="3">
<suite id="s1" name="Andromeda2" source="C:\Worldline\IBO_python_workspace\SANDBOX_V3\testsuite\ibo\sanity\andromeda2.robot">
<test id="s1-t1" name="API TC00 - Get Api Version and Product Details" line="35">
<kw name="API TC00 - Get Api Version and Product Details" library="TC00 - Get API Version and Product Details">
<kw name="Log" library="BuiltIn">
<arg>${BASE_API_URL}</arg>
<doc>Logs the given message with the given level.</doc>
<msg timestamp="20230308 16:06:30.495" level="INFO">https://tdfuji24s.sys.meshcore.net:11550/api/v2</msg>
<status status="PASS" starttime="20230308 16:06:30.495" endtime="20230308 16:06:30.496"/>
</kw>
<kw name="Get IBO Retrieve API Metadata Information" library="GetProductDetails">
<doc>/info</doc>
<kw name="set basic Authentication" library="AuthenticationApi">
<kw name="Set Client Authentication" library="REST">
<arg>Basic</arg>
<arg>${API_USERNAME}</arg>
<arg>${API_PASSWORD}</arg>
<tag>settings</tag>
<doc>*Attaches HTTP basic authentication to the given requests.*</doc>
<status status="PASS" starttime="20230308 16:06:30.497" endtime="20230308 16:06:30.497"/>
</kw>
<status status="PASS" starttime="20230308 16:06:30.497" endtime="20230308 16:06:30.497"/>
</kw>
<kw name="GET" library="REST">
<arg>${BASE_API_URL}/info</arg>
<tag>http</tag>
<doc>*Sends a GET request to the endpoint.*</doc>
<status status="PASS" starttime="20230308 16:06:30.497" endtime="20230308 16:06:31.188"/>
</kw>
<kw name="Output" library="REST">
<var>${response}</var>
<arg>response body</arg>
<arg>also_console=False</arg>
<tag>I/O</tag>
<doc>*Outputs JSON to terminal or a file.*</doc>
<msg timestamp="20230308 16:06:31.189" level="INFO">
{
    "responseMetadata": {
        "correlationId": "0417e20c-fca1-40e4-b13f-2f558f1bcbca",
        "statusMessage": "Executed successfully",
        "statusCode": 200,
        "responseDateTime": "2023-03-08T11:36:31.724+0100",
        "timeTakenMs": 4
    },
    "data": {
        "description": "IBO Issuer APIs for customers",
        "version": "2.8.X",
        "title": "IBO Issuer API"
    }
}</msg>
<msg timestamp="20230308 16:06:31.189" level="INFO">${response} = {'responseMetadata': {'correlationId': '0417e20c-fca1-40e4-b13f-2f558f1bcbca', 'statusMessage': 'Executed successfully', 'statusCode': 200, 'responseDateTime': '2023-03-08T11:36:31.724+0100', 'timeTak...</msg>
<status status="PASS" starttime="20230308 16:06:31.188" endtime="20230308 16:06:31.189"/>
</kw>
<kw name="Integer" library="REST">
<arg>response status</arg>
<arg>200</arg>
<tag>assertions</tag>
<doc>*Asserts the field as JSON integer.*</doc>
<status status="PASS" starttime="20230308 16:06:31.189" endtime="20230308 16:06:31.193"/>
</kw>
<kw name="Get Value From Json" library="JSONLibrary">
<var>${version}</var>
<arg>${response}</arg>
<arg>$.data.version</arg>
<doc>Get Value From JSON using JSONPath</doc>
<msg timestamp="20230308 16:06:31.212" level="INFO">${version} = ['2.8.X']</msg>
<status status="PASS" starttime="20230308 16:06:31.193" endtime="20230308 16:06:31.212"/>
</kw>
<kw name="Set Global Variable" library="BuiltIn">
<arg>${IBO_API_VERSION}</arg>
<arg>${version[0]}</arg>
<doc>Makes a variable available globally in all tests and suites.</doc>
<msg timestamp="20230308 16:06:31.213" level="INFO">${IBO_API_VERSION} = 2.8.X</msg>
<status status="PASS" starttime="20230308 16:06:31.212" endtime="20230308 16:06:31.213"/>
</kw>
<kw name="Log" library="BuiltIn">
<arg>"your runing Jobs with API version ==&gt; ${IBO_API_VERSION}"</arg>
<doc>Logs the given message with the given level.</doc>
<msg timestamp="20230308 16:06:31.214" level="INFO">"your runing Jobs with API version ==&gt; 2.8.X"</msg>
<status status="PASS" starttime="20230308 16:06:31.214" endtime="20230308 16:06:31.214"/>
</kw>
<status status="PASS" starttime="20230308 16:06:30.496" endtime="20230308 16:06:31.214"/>
</kw>
<kw name="Get IBO IssuesID from Product" library="GetProductDetails">
<kw name="Split String" library="String">
<var>${break_list}</var>
<arg>${productReference}</arg>
<arg>_</arg>
<doc>Splits the ``string`` using ``separator`` as a delimiter string.</doc>
<msg timestamp="20230308 16:06:31.214" level="INFO">${break_list} = ['PDT', '10004', 'MCD', 'DEBIT', 'PHYS']</msg>
<status status="PASS" starttime="20230308 16:06:31.214" endtime="20230308 16:06:31.214"/>
</kw>
<kw name="Get From List" library="Collections">
<var>${issuerId_from_Product}</var>
<arg>${break_list}</arg>
<arg>1</arg>
<doc>Returns the value specified with an ``index`` from ``list``.</doc>
<msg timestamp="20230308 16:06:31.214" level="INFO">${issuerId_from_Product} = 10004</msg>
<status status="PASS" starttime="20230308 16:06:31.214" endtime="20230308 16:06:31.214"/>
</kw>
<kw name="Set Global Variable" library="BuiltIn">
<arg>${issuerId}</arg>
<arg>${issuerId_from_Product}</arg>
<doc>Makes a variable available globally in all tests and suites.</doc>
<msg timestamp="20230308 16:06:31.215" level="INFO">${issuerId} = 10004</msg>
<status status="PASS" starttime="20230308 16:06:31.215" endtime="20230308 16:06:31.215"/>
</kw>
<status status="PASS" starttime="20230308 16:06:31.214" endtime="20230308 16:06:31.215"/>
</kw>
<kw name="Get IBO Product Details By Product Reference" library="GetProductDetails">
<doc>/issuers/{issuerId}/products/{productReference}</doc>
<kw name="set basic Authentication" library="AuthenticationApi">
<kw name="Set Client Authentication" library="REST">
<arg>Basic</arg>
<arg>${API_USERNAME}</arg>
<arg>${API_PASSWORD}</arg>
<tag>settings</tag>
<doc>*Attaches HTTP basic authentication to the given requests.*</doc>
<status status="PASS" starttime="20230308 16:06:31.215" endtime="20230308 16:06:31.215"/>
</kw>
<status status="PASS" starttime="20230308 16:06:31.215" endtime="20230308 16:06:31.215"/>
</kw>
<kw name="GET" library="REST">
<arg>${BASE_BUSINESS_API_URL}/issuers/${issuerId}/products/${productReference}</arg>
<tag>http</tag>
<doc>*Sends a GET request to the endpoint.*</doc>
<status status="PASS" starttime="20230308 16:06:31.216" endtime="20230308 16:06:32.027"/>
</kw>
<kw name="Output" library="REST">
<var>${response}</var>
<arg>response body</arg>
<arg>also_console=False</arg>
<tag>I/O</tag>
<doc>*Outputs JSON to terminal or a file.*</doc>
<msg timestamp="20230308 16:06:32.028" level="INFO">
{
    "responseMetadata": {
        "correlationId": "c02ee758-f702-4677-88bf-ea29608453ca",
        "statusMessage": "Executed successfully",
        "statusCode": 200,
        "responseDateTime": "2023-03-08T11:36:32.564+0100",
        "timeTakenMs": 146
    },
    "data": {
        "accountHierarchyProfileReference": "P_10004_ACCH_DEBIT_PHYS",
        "accountHierarchyTemplateReference": "T_10004_ACCH_DEBIT_PHYS",
        "startDate": "2023-02-27T06:26:49.000+00:00",
        "customerType": "CONSUMER",
        "issuerId": "10004",
        "cardReleaseOrder": "ANTICIPATION_ALLOWED",
        "cardProducts": [
            {
                "cardProductIdentifier": {
                    "cardTemplateReference": "T_10004_CARD_DEBIT_PHYS"
                },
                "activationDate": "2023-02-27T06:26:43.497+00:00",
                "cardTemplateActivationDate": "2023-02-27T06:26:43.497+00:00",
                "cardProfileReference": "P_10004_CARD_DEBIT_PHYS",
                "issuerId": "10004",
                "mainScheme": "MASTERCARD",
                "rangeStart": "6779300000000000",
                "rangeEnd": "6779309999999999",
                "cardDesigns": [
                    {
                        "cardStyle": "ARTWORK_ONLY",
                        "artworkReference": "1101B",
                        "label": "Default Physical Maestro",
                        "default": true
                    },
                    {
                        "cardStyle": "ARTWORK_ONLY",
                        "artworkReference": "1101B",
                        "label": "Default Physical Maestro"
                    },
                    {
                        "cardStyle": "ARTWORK_ONLY",
                        "artworkReference": "MAESTRO_ARTWORK_PHYS_1",
                        "label": "Maestro Artwork physical"
                    }
                ],
                "availableModels": [
                    {
                        "modelIdentifier": {
                            "reference": "M_10004_CREATION_60MACTIVCREA"
                        },
                        "type": "CARD_CREATION_MODEL",
                        "defaultModel": true,
                        "modelIssuerId": "10004"
                    },
                    {
                        "modelIdentifier": {
                            "reference": "M_10004_DISTRIB_CLIENTCLIENT"
                        },
                        "type": "DISTRIBUTION_MODEL",
                        "defaultModel": true,
                        "modelIssuerId": "10004"
                    },
                    {
                        "modelIdentifier": {
                            "reference": "M_10004_APPTEC_MAESTRO"
                        },
                        "type": "TECHNOLOGY_AND_APPLICATION_MODEL",
                        "defaultModel": true,
                        "modelIssuerId": "10004"
                    },
                    {
                        "modelIdentifier": {
                            "reference": "M_10004_CARDEVENTFEE_DEBIT"
                        },
                        "type": "CARD_EVENT_FEE_MODEL",
                        "defaultModel": true,
                        "modelIssuerId": "10004"
                    },
                    {
                        "modelIdentifier": {
                            "reference": "M_10004_PINPROD_EXT "
                        },
                        "type": "PIN_PRODUCTION_MODEL",
                        "defaultModel": true,
                        "modelIssuerId": "10004"
                    },
                    {
                        "modelIdentifier": {
                            "reference": "M_10004_REPL_DEFAULT"
                        },
                        "type": "CARD_REPLACEMENT_MODEL",
                        "defaultModel": true,
                        "modelIssuerId": "10004"
                    },
                    {
                        "modelIdentifier": {
                            "reference": "M_10004_RENEW_DEFAULT"
                        },
                        "type": "CARD_RENEWAL_MODEL",
                        "defaultModel": true,
                        "modelIssuerId": "10004"
                    },
                    {
                        "modelIdentifier": {
                            "reference": "M_10004_RENEW_DEFAULT"
                        },
                        "type": "CARD_RENEWAL_MODEL",
                        "defaultModel": false,
                        "modelIssuerId": "10004"
                    }
                ]
            }
        ],
        "productIdentifier": {
            "issuerProductExternalReference": "ECPD",
            "productReference": "PDT_10004_MCD_DEBIT_PHYS"
        },
        "advertisementFlags": {
            "email": false,
            "general": false,
            "letter": false,
            "phone": false,
            "statement": false,
            "sms": false
        },
        "accountProducts": [
            {
                "accountProductIdentifier": {
                    "accountTemplateReference": "T_10004_ROOT_DEBIT_PHYS"
                },
                "activationDate": "2023-02-27T06:26:47.000+00:00",
                "accountProfileReference": "P_10004_ROOT_DEBIT_PHYS",
                "workingCurrencyCode": "EUR",
                "issuerId": "10004",
                "accountTemplateActivationDate": "2023-02-27T06:26:47.000+00:00",
                "availableModels": [
                    {
                        "modelIdentifier": {
                            "reference": "M_10004_TRNFEE_DEBIT"
                        },
                        "type": "TRANSACTION_FEE_MODEL",
                        "defaultModel": false,
                        "modelIssuerId": "10004"
                    },
                    {
                        "modelIdentifier": {
                            "reference": "M_10004_TRNFEE_CREDIT"
                        },
                        "type": "TRANSACTION_FEE_MODEL",
                        "defaultModel": false,
                        "modelIssuerId": "10004"
                    },
                    {
                        "modelIdentifier": {
                            "reference": "M_10004_MARKUPFEE_CREDIT"
                        },
                        "type": "MARKUP_FEE_MODEL",
                        "defaultModel": false,
                        "modelIssuerId": "10004"
                    },
                    {
                        "modelIdentifier": {
                            "reference": "M_10004_MARKUPFEE_DEBIT"
                        },
                        "type": "MARKUP_FEE_MODEL",
                        "defaultModel": false,
                        "modelIssuerId": "10004"
                    },
                    {
                        "modelIdentifier": {
                            "reference": "M_10004_RESTR_ROOT_DEBIT_PHYS"
                        },
                        "type": "RESTRICTION_MODEL",
                        "defaultModel": true,
                        "modelIssuerId": "10004"
                    }
                ],
                "availableClosureCalendars": [
                    {
                        "closureCalendarReference": "C_10004_CLOSURE_DEBIT",
                        "defaultClosureCalendar": true
                    },
                    {
                        "closureCalendarReference": "C_10004_CLOSURE_DEBIT",
                        "defaultClosureCalendar": false
                    }
                ],
                "amountDuePaymentFeature": {
                    "overlimitContributionToAmountDue": false
                },
                "allowedPaymentMode": {
                    "allowedPaymentAutoPayment": true,
                    "allowedPaymentCardHolderDetermined": false,
                    "allowedPaymentDirectDebit": false
                },
                "checkOpenToBuy": true,
                "instalmentAllowed": false,
                "noParentNotification": false
            },
            {
                "accountProductIdentifier": {
                    "accountTemplateReference": "T_10004_CHILD_DEBIT_PHYS"
                },
                "activationDate": "2023-02-27T06:26:47.000+00:00",
                "accountProfileReference": "P_10004_CHILD_DEBIT_PHYS",
                "workingCurrencyCode": "EUR",
                "issuerId": "10004",
                "accountTemplateActivationDate": "2023-02-27T06:26:47.000+00:00",
                "availableModels": [
                    {
                        "modelIdentifier": {
                            "reference": "M_10004_TRNFEE_DEBIT"
                        },
                        "type": "TRANSACTION_FEE_MODEL",
                        "defaultModel": true,
                        "modelIssuerId": "10004"
                    },
                    {
                        "modelIdentifier": {
                            "reference": "M_10004_TRNFEE_DEBIT"
                        },
                        "type": "TRANSACTION_FEE_MODEL",
                        "defaultModel": false,
                        "modelIssuerId": "10004"
                    },
                    {
                        "modelIdentifier": {
                            "reference": "M_10004_TRNFEE_CREDIT"
                        },
                        "type": "TRANSACTION_FEE_MODEL",
                        "defaultModel": false,
                        "modelIssuerId": "10004"
                    },
                    {
                        "modelIdentifier": {
                            "reference": "M_10004_MARKUPFEE_CREDIT"
                        },
                        "type": "MARKUP_FEE_MODEL",
                        "defaultModel": false,
                        "modelIssuerId": "10004"
                    },
                    {
                        "modelIdentifier": {
                            "reference": "M_10004_MARKUPFEE_DEBIT"
                        },
                        "type": "MARKUP_FEE_MODEL",
                        "defaultModel": true,
                        "modelIssuerId": "10004"
                    },
                    {
                        "modelIdentifier": {
                            "reference": "M_10004_MARKUPFEE_DEBIT"
                        },
                        "type": "MARKUP_FEE_MODEL",
                        "defaultModel": false,
                        "modelIssuerId": "10004"
                    },
                    {
                        "modelIdentifier": {
                            "reference": "M_10004_RESTR_CHILD_DEBIT_PHYS"
                        },
                        "type": "RESTRICTION_MODEL",
                        "defaultModel": true,
                        "modelIssuerId": "10004"
                    }
                ],
                "availableClosureCalendars": [
                    {
                        "closureCalendarReference": "C_10004_CLOSURE_DEBIT",
                        "defaultClosureCalendar": true
                    },
                    {
                        "closureCalendarReference": "C_10004_CLOSURE_DEBIT",
                        "defaultClosureCalendar": false
                    }
                ],
                "amountDuePaymentFeature": {
                    "overlimitContributionToAmountDue": false
                },
                "allowedPaymentMode": {
                    "allowedPaymentAutoPayment": true,
                    "allowedPaymentCardHolderDetermined": false,
                    "allowedPaymentDirectDebit": false
                },
                "checkOpenToBuy": true,
                "instalmentAllowed": false,
                "noParentNotification": false
            }
        ],
        "baseStructure": {
            "accountProductIdentifier": {
                "accountTemplateReference": "T_10004_ROOT_DEBIT_PHYS"
            },
            "children": [
                {
                    "accountProductIdentifier": {
                        "accountTemplateReference": "T_10004_CHILD_DEBIT_PHYS"
                    },
                    "cardAccountRelations": [
                        {
                            "priority": 0,
                            "relation": "DEFAULT",
                            "cardProductIdentifier": {
                                "cardTemplateReference": "T_10004_CARD_DEBIT_PHYS"
                            },
                            "cardProfileReference": "P_10004_CARD_DEBIT_PHYS"
                        }
                    ]
                }
            ]
        }
    }
}</msg>
<msg timestamp="20230308 16:06:32.029" level="INFO">${response} = {'responseMetadata': {'correlationId': 'c02ee758-f702-4677-88bf-ea29608453ca', 'statusMessage': 'Executed successfully', 'statusCode': 200, 'responseDateTime': '2023-03-08T11:36:32.564+0100', 'timeTak...</msg>
<status status="PASS" starttime="20230308 16:06:32.027" endtime="20230308 16:06:32.029"/>
</kw>
<kw name="Integer" library="REST">
<arg>response status</arg>
<arg>200</arg>
<tag>assertions</tag>
<doc>*Asserts the field as JSON integer.*</doc>
<status status="PASS" starttime="20230308 16:06:32.029" endtime="20230308 16:06:32.030"/>
</kw>
<kw name="Get Value From Json" library="JSONLibrary">
<var>${get_productExternalReference}</var>
<arg>${response}</arg>
<arg>$.data.productIdentifier.issuerProductExternalReference</arg>
<doc>Get Value From JSON using JSONPath</doc>
<msg timestamp="20230308 16:06:32.044" level="INFO">${get_productExternalReference} = ['ECPD']</msg>
<status status="PASS" starttime="20230308 16:06:32.030" endtime="20230308 16:06:32.044"/>
</kw>
<kw name="Get Value From Json" library="JSONLibrary">
<var>${get_cardTemplateReference}</var>
<arg>${response}</arg>
<arg>$.data.cardProducts[0].cardProductIdentifier.cardTemplateReference</arg>
<doc>Get Value From JSON using JSONPath</doc>
<msg timestamp="20230308 16:06:32.058" level="INFO">${get_cardTemplateReference} = ['T_10004_CARD_DEBIT_PHYS']</msg>
<status status="PASS" starttime="20230308 16:06:32.044" endtime="20230308 16:06:32.058"/>
</kw>
<kw name="Set Variable" library="BuiltIn">
<var>${x}</var>
<arg>${0}</arg>
<doc>Returns the given values which can then be assigned to a variables.</doc>
<msg timestamp="20230308 16:06:32.058" level="INFO">${x} = 0</msg>
<status status="PASS" starttime="20230308 16:06:32.058" endtime="20230308 16:06:32.058"/>
</kw>
<while condition="${x} &lt; 2">
<iter>
<kw name="Get Value From Json" library="JSONLibrary">
<var>${val}</var>
<arg>${response}</arg>
<arg>$.data.accountProducts[${x}].accountProductIdentifier.accountTemplateReference</arg>
<doc>Get Value From JSON using JSONPath</doc>
<msg timestamp="20230308 16:06:32.072" level="INFO">${val} = ['T_10004_ROOT_DEBIT_PHYS']</msg>
<status status="PASS" starttime="20230308 16:06:32.059" endtime="20230308 16:06:32.072"/>
</kw>
<kw name="Check Is Root Account tempate references" library="RandomDataGeneration">
<var>${is_root_ref}</var>
<arg>${val[0]}</arg>
<kw name="Check String Contains" library="UtilManager">
<var>${is_root_account_ref}</var>
<arg>${string_ref}</arg>
<msg timestamp="20230308 16:06:32.073" level="INFO">${is_root_account_ref} = True</msg>
<status status="PASS" starttime="20230308 16:06:32.073" endtime="20230308 16:06:32.073"/>
</kw>
<msg timestamp="20230308 16:06:32.073" level="INFO">${is_root_ref} = True</msg>
<status status="PASS" starttime="20230308 16:06:32.073" endtime="20230308 16:06:32.074"/>
</kw>
<if>
<branch type="IF" condition="'${is_root_ref}' == 'False'">
<kw name="Get Value From Json" library="JSONLibrary">
<var>${get_child_accountTemplateRef}</var>
<arg>${response}</arg>
<arg>$.data.accountProducts[${x}].accountProductIdentifier.accountTemplateReference</arg>
<doc>Get Value From JSON using JSONPath</doc>
<status status="NOT RUN" starttime="20230308 16:06:32.074" endtime="20230308 16:06:32.074"/>
</kw>
<status status="NOT RUN" starttime="20230308 16:06:32.074" endtime="20230308 16:06:32.074"/>
</branch>
<branch type="ELSE IF" condition="'${is_root_ref}' == 'True'">
<kw name="Get Value From Json" library="JSONLibrary">
<var>${get_root_accountTemplateRef}</var>
<arg>${response}</arg>
<arg>$.data.accountProducts[${x}].accountProductIdentifier.accountTemplateReference</arg>
<doc>Get Value From JSON using JSONPath</doc>
<msg timestamp="20230308 16:06:32.088" level="INFO">${get_root_accountTemplateRef} = ['T_10004_ROOT_DEBIT_PHYS']</msg>
<status status="PASS" starttime="20230308 16:06:32.074" endtime="20230308 16:06:32.088"/>
</kw>
<status status="PASS" starttime="20230308 16:06:32.074" endtime="20230308 16:06:32.088"/>
</branch>
<status status="PASS" starttime="20230308 16:06:32.074" endtime="20230308 16:06:32.088"/>
</if>
<kw name="Evaluate" library="BuiltIn">
<var>${x}</var>
<arg>${x} + 1</arg>
<doc>Evaluates the given expression in Python and returns the result.</doc>
<msg timestamp="20230308 16:06:32.088" level="INFO">${x} = 1</msg>
<status status="PASS" starttime="20230308 16:06:32.088" endtime="20230308 16:06:32.088"/>
</kw>
<status status="PASS" starttime="20230308 16:06:32.058" endtime="20230308 16:06:32.088"/>
</iter>
<iter>
<kw name="Get Value From Json" library="JSONLibrary">
<var>${val}</var>
<arg>${response}</arg>
<arg>$.data.accountProducts[${x}].accountProductIdentifier.accountTemplateReference</arg>
<doc>Get Value From JSON using JSONPath</doc>
<msg timestamp="20230308 16:06:32.102" level="INFO">${val} = ['T_10004_CHILD_DEBIT_PHYS']</msg>
<status status="PASS" starttime="20230308 16:06:32.088" endtime="20230308 16:06:32.102"/>
</kw>
<kw name="Check Is Root Account tempate references" library="RandomDataGeneration">
<var>${is_root_ref}</var>
<arg>${val[0]}</arg>
<kw name="Check String Contains" library="UtilManager">
<var>${is_root_account_ref}</var>
<arg>${string_ref}</arg>
<msg timestamp="20230308 16:06:32.104" level="INFO">${is_root_account_ref} = False</msg>
<status status="PASS" starttime="20230308 16:06:32.104" endtime="20230308 16:06:32.104"/>
</kw>
<msg timestamp="20230308 16:06:32.104" level="INFO">${is_root_ref} = False</msg>
<status status="PASS" starttime="20230308 16:06:32.102" endtime="20230308 16:06:32.104"/>
</kw>
<if>
<branch type="IF" condition="'${is_root_ref}' == 'False'">
<kw name="Get Value From Json" library="JSONLibrary">
<var>${get_child_accountTemplateRef}</var>
<arg>${response}</arg>
<arg>$.data.accountProducts[${x}].accountProductIdentifier.accountTemplateReference</arg>
<doc>Get Value From JSON using JSONPath</doc>
<msg timestamp="20230308 16:06:32.117" level="INFO">${get_child_accountTemplateRef} = ['T_10004_CHILD_DEBIT_PHYS']</msg>
<status status="PASS" starttime="20230308 16:06:32.104" endtime="20230308 16:06:32.117"/>
</kw>
<status status="PASS" starttime="20230308 16:06:32.104" endtime="20230308 16:06:32.117"/>
</branch>
<branch type="ELSE IF" condition="'${is_root_ref}' == 'True'">
<kw name="Get Value From Json" library="JSONLibrary">
<var>${get_root_accountTemplateRef}</var>
<arg>${response}</arg>
<arg>$.data.accountProducts[${x}].accountProductIdentifier.accountTemplateReference</arg>
<doc>Get Value From JSON using JSONPath</doc>
<status status="NOT RUN" starttime="20230308 16:06:32.117" endtime="20230308 16:06:32.117"/>
</kw>
<status status="NOT RUN" starttime="20230308 16:06:32.117" endtime="20230308 16:06:32.117"/>
</branch>
<status status="PASS" starttime="20230308 16:06:32.104" endtime="20230308 16:06:32.117"/>
</if>
<kw name="Evaluate" library="BuiltIn">
<var>${x}</var>
<arg>${x} + 1</arg>
<doc>Evaluates the given expression in Python and returns the result.</doc>
<msg timestamp="20230308 16:06:32.117" level="INFO">${x} = 2</msg>
<status status="PASS" starttime="20230308 16:06:32.117" endtime="20230308 16:06:32.117"/>
</kw>
<status status="PASS" starttime="20230308 16:06:32.088" endtime="20230308 16:06:32.117"/>
</iter>
<status status="PASS" starttime="20230308 16:06:32.058" endtime="20230308 16:06:32.117"/>
</while>
<kw name="Get Value From Json" library="JSONLibrary">
<var>${get_productExtensionReference}</var>
<arg>${response}</arg>
<arg>$.data.productExtensions[0].productExtensionIdentifier.productExtensionReference</arg>
<doc>Get Value From JSON using JSONPath</doc>
<msg timestamp="20230308 16:06:32.131" level="INFO">${get_productExtensionReference} = []</msg>
<status status="PASS" starttime="20230308 16:06:32.117" endtime="20230308 16:06:32.131"/>
</kw>
<kw name="Get Value From Json" library="JSONLibrary">
<var>${get_productExtensionExternalReference}</var>
<arg>${response}</arg>
<arg>$.data.productExtensions[0].externalReference</arg>
<doc>Get Value From JSON using JSONPath</doc>
<msg timestamp="20230308 16:06:32.144" level="INFO">${get_productExtensionExternalReference} = []</msg>
<status status="PASS" starttime="20230308 16:06:32.131" endtime="20230308 16:06:32.144"/>
</kw>
<kw name="Get Value From Json" library="JSONLibrary">
<var>${get_product_Ext_accountTemplateReference}</var>
<arg>${response}</arg>
<arg>$.data.productExtensions[0].accountProducts[0].accountProductIdentifier.accountTemplateReference</arg>
<doc>Get Value From JSON using JSONPath</doc>
<msg timestamp="20230308 16:06:32.158" level="INFO">${get_product_Ext_accountTemplateReference} = []</msg>
<status status="PASS" starttime="20230308 16:06:32.144" endtime="20230308 16:06:32.158"/>
</kw>
<if>
<branch type="IF" condition="${get_productExtensionExternalReference} == []">
<kw name="Log" library="BuiltIn">
<arg>"productExtensionExternalReference same as productExtensionReference"</arg>
<doc>Logs the given message with the given level.</doc>
<msg timestamp="20230308 16:06:32.158" level="INFO">"productExtensionExternalReference same as productExtensionReference"</msg>
<status status="PASS" starttime="20230308 16:06:32.158" endtime="20230308 16:06:32.158"/>
</kw>
<kw name="Set Test Variable" library="BuiltIn">
<arg>${productExtensionReference}</arg>
<arg>${productReference}</arg>
<doc>Makes a variable available everywhere within the scope of the current test.</doc>
<msg timestamp="20230308 16:06:32.160" level="INFO">${productExtensionReference} = PDT_10004_MCD_DEBIT_PHYS</msg>
<status status="PASS" starttime="20230308 16:06:32.159" endtime="20230308 16:06:32.160"/>
</kw>
<kw name="Set Test Variable" library="BuiltIn">
<arg>${productExtensionExternalReference}</arg>
<arg>${get_productExternalReference}</arg>
<doc>Makes a variable available everywhere within the scope of the current test.</doc>
<msg timestamp="20230308 16:06:32.163" level="INFO">${productExtensionExternalReference} = ['ECPD']</msg>
<status status="PASS" starttime="20230308 16:06:32.160" endtime="20230308 16:06:32.163"/>
</kw>
<kw name="Set Test Variable" library="BuiltIn">
<arg>${productExtensionChildAccountTemplateRef}</arg>
<arg>${get_child_accountTemplateRef}</arg>
<doc>Makes a variable available everywhere within the scope of the current test.</doc>
<msg timestamp="20230308 16:06:32.164" level="INFO">${productExtensionChildAccountTemplateRef} = ['T_10004_CHILD_DEBIT_PHYS']</msg>
<status status="PASS" starttime="20230308 16:06:32.163" endtime="20230308 16:06:32.164"/>
</kw>
<status status="PASS" starttime="20230308 16:06:32.158" endtime="20230308 16:06:32.164"/>
</branch>
<branch type="ELSE">
<kw name="Set Test Variable" library="BuiltIn">
<arg>${productExtensionReference}</arg>
<arg>${get_productExtensionReference}</arg>
<doc>Makes a variable available everywhere within the scope of the current test.</doc>
<status status="NOT RUN" starttime="20230308 16:06:32.164" endtime="20230308 16:06:32.164"/>
</kw>
<kw name="Set Test Variable" library="BuiltIn">
<arg>${productExtensionExternalReference}</arg>
<arg>${get_productExtensionExternalReference}</arg>
<doc>Makes a variable available everywhere within the scope of the current test.</doc>
<status status="NOT RUN" starttime="20230308 16:06:32.164" endtime="20230308 16:06:32.164"/>
</kw>
<kw name="Set Test Variable" library="BuiltIn">
<arg>${productExtensionChildAccountTemplateRef}</arg>
<arg>${get_product_Ext_accountTemplateReference}</arg>
<doc>Makes a variable available everywhere within the scope of the current test.</doc>
<status status="NOT RUN" starttime="20230308 16:06:32.165" endtime="20230308 16:06:32.165"/>
</kw>
<status status="NOT RUN" starttime="20230308 16:06:32.164" endtime="20230308 16:06:32.165"/>
</branch>
<status status="PASS" starttime="20230308 16:06:32.158" endtime="20230308 16:06:32.165"/>
</if>
<kw name="Set To Dictionary" library="Collections">
<arg>${product_config_templates}</arg>
<arg>issuerProductExternalReference</arg>
<arg>${get_productExternalReference[0]}</arg>
<doc>Adds the given ``key_value_pairs`` and ``items`` to the ``dictionary``.</doc>
<status status="PASS" starttime="20230308 16:06:32.165" endtime="20230308 16:06:32.165"/>
</kw>
<kw name="Set To Dictionary" library="Collections">
<arg>${product_config_templates}</arg>
<arg>cardTemplateReference</arg>
<arg>${get_cardTemplateReference[0]}</arg>
<doc>Adds the given ``key_value_pairs`` and ``items`` to the ``dictionary``.</doc>
<status status="PASS" starttime="20230308 16:06:32.165" endtime="20230308 16:06:32.166"/>
</kw>
<kw name="Set To Dictionary" library="Collections">
<arg>${product_config_templates}</arg>
<arg>rootAccountTemplateReference</arg>
<arg>${get_root_accountTemplateRef[0]}</arg>
<doc>Adds the given ``key_value_pairs`` and ``items`` to the ``dictionary``.</doc>
<status status="PASS" starttime="20230308 16:06:32.166" endtime="20230308 16:06:32.167"/>
</kw>
<kw name="Set To Dictionary" library="Collections">
<arg>${product_config_templates}</arg>
<arg>accountTemplateReference</arg>
<arg>${get_child_accountTemplateRef[0]}</arg>
<doc>Adds the given ``key_value_pairs`` and ``items`` to the ``dictionary``.</doc>
<status status="PASS" starttime="20230308 16:06:32.167" endtime="20230308 16:06:32.167"/>
</kw>
<kw name="Set To Dictionary" library="Collections">
<arg>${product_config_templates}</arg>
<arg>productExtensionChildAccountTemplateReference</arg>
<arg>${productExtensionChildAccountTemplateRef[0]}</arg>
<doc>Adds the given ``key_value_pairs`` and ``items`` to the ``dictionary``.</doc>
<status status="PASS" starttime="20230308 16:06:32.167" endtime="20230308 16:06:32.168"/>
</kw>
<kw name="Set To Dictionary" library="Collections">
<arg>${product_config_templates}</arg>
<arg>productExtensionExternalReference</arg>
<arg>${productExtensionExternalReference[0]}</arg>
<doc>Adds the given ``key_value_pairs`` and ``items`` to the ``dictionary``.</doc>
<status status="PASS" starttime="20230308 16:06:32.168" endtime="20230308 16:06:32.169"/>
</kw>
<kw name="Log Variables" library="BuiltIn">
<doc>Logs all variables in the current scope with given log level.</doc>
<msg timestamp="20230308 16:06:32.170" level="INFO">${/} = \</msg>
<msg timestamp="20230308 16:06:32.170" level="INFO">${:} = ;</msg>
<msg timestamp="20230308 16:06:32.170" level="INFO">${\n} = 
</msg>
<msg timestamp="20230308 16:06:32.170" level="INFO">@{andromeda_BNPP_List} = [ PDT_6900_DEBIT | PDT_6900_GOLD | PDT_6900_GOLDWM ]</msg>
<msg timestamp="20230308 16:06:32.170" level="INFO">@{andromeda_CODI_List} = [ PDT_6601_VISA_DEBIT ]</msg>
<msg timestamp="20230308 16:06:32.170" level="INFO">@{andromeda_ING_List} = [ PDT_6500_VISA_DEBIT_CLASSIC | PDT_6500_VISA_DEBIT_CLASSIC_SHARE ]</msg>
<msg timestamp="20230308 16:06:32.170" level="INFO">@{andromeda_NN_List} = [ PDT_10004_MCD_DEBIT_PHYS | PDT_10004_MCD_DEBIT_VIRT | PDT_10004_MCD_CREDIT_PHYS | PDT_10004_MCD_CREDIT_VIRT | PDT_10004_DMC_DEBIT_PHYS | PDT_10004_DMC_DEBIT_VIRT ]</msg>
<msg timestamp="20230308 16:06:32.170" level="INFO">@{andromeda_products_list} = [ ]</msg>
<msg timestamp="20230308 16:06:32.170" level="INFO">${API_PASSWORD} = test123</msg>
<msg timestamp="20230308 16:06:32.170" level="INFO">${API_URL} = /api/v2</msg>
<msg timestamp="20230308 16:06:32.170" level="INFO">${API_USERNAME} = admin/WLP/DEFAULT_MANDATOR</msg>
<msg timestamp="20230308 16:06:32.170" level="INFO">${BASE_API_URL} = https://tdfuji24s.sys.meshcore.net:11550/api/v2</msg>
<msg timestamp="20230308 16:06:32.170" level="INFO">${BASE_BUSINESS_API_URL} = https://tdfuji24s.sys.meshcore.net:11550/api/business-admin/v1</msg>
<msg timestamp="20230308 16:06:32.170" level="INFO">${box_number} = </msg>
<msg timestamp="20230308 16:06:32.170" level="INFO">${building_number} = </msg>
<msg timestamp="20230308 16:06:32.170" level="INFO">${BUSINESS_API_URL} = /api/business-admin/v1</msg>
<msg timestamp="20230308 16:06:32.170" level="INFO">${cntr_dob} = </msg>
<msg timestamp="20230308 16:06:32.170" level="INFO">&amp;{cntr_res_data} = { }</msg>
<msg timestamp="20230308 16:06:32.170" level="INFO">${color} = </msg>
<msg timestamp="20230308 16:06:32.170" level="INFO">${DEBUG_FILE} = NONE</msg>
<msg timestamp="20230308 16:06:32.170" level="INFO">${EXECDIR} = C:\Worldline\IBO_python_workspace\SANDBOX_V3</msg>
<msg timestamp="20230308 16:06:32.170" level="INFO">${False} = False</msg>
<msg timestamp="20230308 16:06:32.170" level="INFO">${first_name} = </msg>
<msg timestamp="20230308 16:06:32.170" level="INFO">@{get_cardTemplateReference} = [ T_10004_CARD_DEBIT_PHYS ]</msg>
<msg timestamp="20230308 16:06:32.170" level="INFO">@{get_child_accountTemplateRef} = [ T_10004_CHILD_DEBIT_PHYS ]</msg>
<msg timestamp="20230308 16:06:32.170" level="INFO">@{get_product_Ext_accountTemplateReference} = [ ]</msg>
<msg timestamp="20230308 16:06:32.170" level="INFO">@{get_productExtensionExternalReference} = [ ]</msg>
<msg timestamp="20230308 16:06:32.170" level="INFO">@{get_productExtensionReference} = [ ]</msg>
<msg timestamp="20230308 16:06:32.170" level="INFO">@{get_productExternalReference} = [ ECPD ]</msg>
<msg timestamp="20230308 16:06:32.170" level="INFO">@{get_root_accountTemplateRef} = [ T_10004_ROOT_DEBIT_PHYS ]</msg>
<msg timestamp="20230308 16:06:32.170" level="INFO">${HOST} = https://tdfuji24s.sys.meshcore.net:11550</msg>
<msg timestamp="20230308 16:06:32.170" level="INFO">${iban1} = </msg>
<msg timestamp="20230308 16:06:32.170" level="INFO">${iban2} = </msg>
<msg timestamp="20230308 16:06:32.170" level="INFO">${iban3} = </msg>
<msg timestamp="20230308 16:06:32.170" level="INFO">${iban4} = </msg>
<msg timestamp="20230308 16:06:32.170" level="INFO">${IBO_API_VERSION} = 2.8.X</msg>
<msg timestamp="20230308 16:06:32.170" level="INFO">${is_root_ref} = False</msg>
<msg timestamp="20230308 16:06:32.170" level="INFO">${issuerId} = 10004</msg>
<msg timestamp="20230308 16:06:32.170" level="INFO">${LOG_FILE} = C:\Worldline\IBO_python_workspace\SANDBOX_V3\Reports\log.html</msg>
<msg timestamp="20230308 16:06:32.170" level="INFO">${LOG_LEVEL} = INFO</msg>
<msg timestamp="20230308 16:06:32.170" level="INFO">${mobile_number} = </msg>
<msg timestamp="20230308 16:06:32.170" level="INFO">${None} = None</msg>
<msg timestamp="20230308 16:06:32.170" level="INFO">${null} = None</msg>
<msg timestamp="20230308 16:06:32.170" level="INFO">&amp;{OPTIONS} = { include=[] | exclude=[] | skip=[] | skip_on_failure=[] }</msg>
<msg timestamp="20230308 16:06:32.170" level="INFO">${OUTPUT_DIR} = C:\Worldline\IBO_python_workspace\SANDBOX_V3\Reports</msg>
<msg timestamp="20230308 16:06:32.170" level="INFO">${OUTPUT_FILE} = C:\Worldline\IBO_python_workspace\SANDBOX_V3\Reports\output.xml</msg>
<msg timestamp="20230308 16:06:32.170" level="INFO">${PLATFORM} = andromeda</msg>
<msg timestamp="20230308 16:06:32.170" level="INFO">${prduct_config_file} = </msg>
<msg timestamp="20230308 16:06:32.170" level="INFO">${PREV_TEST_MESSAGE} = </msg>
<msg timestamp="20230308 16:06:32.170" level="INFO">${PREV_TEST_NAME} = </msg>
<msg timestamp="20230308 16:06:32.170" level="INFO">${PREV_TEST_STATUS} = </msg>
<msg timestamp="20230308 16:06:32.171" level="INFO">&amp;{product_config_templates} = { issuerProductExternalReference=ECPD | cardTemplateReference=T_10004_CARD_DEBIT_PHYS | rootAccountTemplateReference=T_10004_ROOT_DEBIT_PHYS | accountTemplateReference=T_10004_CHILD_DEBIT_PHYS | productExtensionChildAccountTemplateReference=T_10004_CHILD_DEBIT_PHYS | productExtensionExternalReference=ECPD }</msg>
<msg timestamp="20230308 16:06:32.171" level="INFO">@{productExtensionChildAccountTemplateRef} = [ T_10004_CHILD_DEBIT_PHYS ]</msg>
<msg timestamp="20230308 16:06:32.171" level="INFO">@{productExtensionExternalReference} = [ ECPD ]</msg>
<msg timestamp="20230308 16:06:32.171" level="INFO">${productExtensionReference} = PDT_10004_MCD_DEBIT_PHYS</msg>
<msg timestamp="20230308 16:06:32.171" level="INFO">${productReference} = PDT_10004_MCD_DEBIT_PHYS</msg>
<msg timestamp="20230308 16:06:32.171" level="INFO">${REPORT_FILE} = C:\Worldline\IBO_python_workspace\SANDBOX_V3\Reports\report.html</msg>
<msg timestamp="20230308 16:06:32.171" level="INFO">&amp;{response} = { responseMetadata={'correlationId': 'c02ee758-f702-4677-88bf-ea29608453ca', 'statusMessage': 'Executed successfully', 'statusCode': 200, 'responseDateTime': '2023-03-08T11:36:32.564+0100', 'timeTakenMs': 146} | data={'accountHierarchyProfileReference': 'P_10004_ACCH_DEBIT_PHYS', 'accountHierarchyTemplateReference': 'T_10004_ACCH_DEBIT_PHYS', 'startDate': '2023-02-27T06:26:49.000+00:00', 'customerType': 'CONSUMER', 'issuerId': '10004', 'cardReleaseOrder': 'ANTICIPATION_ALLOWED', 'cardProducts': [{'cardProductIdentifier': {'cardTemplateReference': 'T_10004_CARD_DEBIT_PHYS'}, 'activationDate': '2023-02-27T06:26:43.497+00:00', 'cardTemplateActivationDate': '2023-02-27T06:26:43.497+00:00', 'cardProfileReference': 'P_10004_CARD_DEBIT_PHYS', 'issuerId': '10004', 'mainScheme': 'MASTERCARD', 'rangeStart': '6779300000000000', 'rangeEnd': '6779309999999999', 'cardDesigns': [{'cardStyle': 'ARTWORK_ONLY', 'artworkReference': '1101B', 'label': 'Default Physical Maestro', 'default': True}, {'cardStyle': 'ARTWORK_ONLY', 'artworkReference': '1101B', 'label': 'Default Physical Maestro'}, {'cardStyle': 'ARTWORK_ONLY', 'artworkReference': 'MAESTRO_ARTWORK_PHYS_1', 'label': 'Maestro Artwork physical'}], 'availableModels': [{'modelIdentifier': {'reference': 'M_10004_CREATION_60MACTIVCREA'}, 'type': 'CARD_CREATION_MODEL', 'defaultModel': True, 'modelIssuerId': '10004'}, {'modelIdentifier': {'reference': 'M_10004_DISTRIB_CLIENTCLIENT'}, 'type': 'DISTRIBUTION_MODEL', 'defaultModel': True, 'modelIssuerId': '10004'}, {'modelIdentifier': {'reference': 'M_10004_APPTEC_MAESTRO'}, 'type': 'TECHNOLOGY_AND_APPLICATION_MODEL', 'defaultModel': True, 'modelIssuerId': '10004'}, {'modelIdentifier': {'reference': 'M_10004_CARDEVENTFEE_DEBIT'}, 'type': 'CARD_EVENT_FEE_MODEL', 'defaultModel': True, 'modelIssuerId': '10004'}, {'modelIdentifier': {'reference': 'M_10004_PINPROD_EXT '}, 'type': 'PIN_PRODUCTION_MODEL', 'defaultModel': True, 'modelIssuerId': '10004'}, {'modelIdentifier': {'reference': 'M_10004_REPL_DEFAULT'}, 'type': 'CARD_REPLACEMENT_MODEL', 'defaultModel': True, 'modelIssuerId': '10004'}, {'modelIdentifier': {'reference': 'M_10004_RENEW_DEFAULT'}, 'type': 'CARD_RENEWAL_MODEL', 'defaultModel': True, 'modelIssuerId': '10004'}, {'modelIdentifier': {'reference': 'M_10004_RENEW_DEFAULT'}, 'type': 'CARD_RENEWAL_MODEL', 'defaultModel': False, 'modelIssuerId': '10004'}]}], 'productIdentifier': {'issuerProductExternalReference': 'ECPD', 'productReference': 'PDT_10004_MCD_DEBIT_PHYS'}, 'advertisementFlags': {'email': False, 'general': False, 'letter': False, 'phone': False, 'statement': False, 'sms': False}, 'accountProducts': [{'accountProductIdentifier': {'accountTemplateReference': 'T_10004_ROOT_DEBIT_PHYS'}, 'activationDate': '2023-02-27T06:26:47.000+00:00', 'accountProfileReference': 'P_10004_ROOT_DEBIT_PHYS', 'workingCurrencyCode': 'EUR', 'issuerId': '10004', 'accountTemplateActivationDate': '2023-02-27T06:26:47.000+00:00', 'availableModels': [{'modelIdentifier': {'reference': 'M_10004_TRNFEE_DEBIT'}, 'type': 'TRANSACTION_FEE_MODEL', 'defaultModel': False, 'modelIssuerId': '10004'}, {'modelIdentifier': {'reference': 'M_10004_TRNFEE_CREDIT'}, 'type': 'TRANSACTION_FEE_MODEL', 'defaultModel': False, 'modelIssuerId': '10004'}, {'modelIdentifier': {'reference': 'M_10004_MARKUPFEE_CREDIT'}, 'type': 'MARKUP_FEE_MODEL', 'defaultModel': False, 'modelIssuerId': '10004'}, {'modelIdentifier': {'reference': 'M_10004_MARKUPFEE_DEBIT'}, 'type': 'MARKUP_FEE_MODEL', 'defaultModel': False, 'modelIssuerId': '10004'}, {'modelIdentifier': {'reference': 'M_10004_RESTR_ROOT_DEBIT_PHYS'}, 'type': 'RESTRICTION_MODEL', 'defaultModel': True, 'modelIssuerId': '10004'}], 'availableClosureCalendars': [{'closureCalendarReference': 'C_10004_CLOSURE_DEBIT', 'defaultClosureCalendar': True}, {'closureCalendarReference': 'C_10004_CLOSURE_DEBIT', 'defaultClosureCalendar': False}], 'amountDuePaymentFeature': {'overlimitContributionToAmountDue': False}, 'allowedPaymentMode': {'allowedPaymentAutoPayment': True, 'allowedPaymentCardHolderDetermined': False, 'allowedPaymentDirectDebit': False}, 'checkOpenToBuy': True, 'instalmentAllowed': False, 'noParentNotification': False}, {'accountProductIdentifier': {'accountTemplateReference': 'T_10004_CHILD_DEBIT_PHYS'}, 'activationDate': '2023-02-27T06:26:47.000+00:00', 'accountProfileReference': 'P_10004_CHILD_DEBIT_PHYS', 'workingCurrencyCode': 'EUR', 'issuerId': '10004', 'accountTemplateActivationDate': '2023-02-27T06:26:47.000+00:00', 'availableModels': [{'modelIdentifier': {'reference': 'M_10004_TRNFEE_DEBIT'}, 'type': 'TRANSACTION_FEE_MODEL', 'defaultModel': True, 'modelIssuerId': '10004'}, {'modelIdentifier': {'reference': 'M_10004_TRNFEE_DEBIT'}, 'type': 'TRANSACTION_FEE_MODEL', 'defaultModel': False, 'modelIssuerId': '10004'}, {'modelIdentifier': {'reference': 'M_10004_TRNFEE_CREDIT'}, 'type': 'TRANSACTION_FEE_MODEL', 'defaultModel': False, 'modelIssuerId': '10004'}, {'modelIdentifier': {'reference': 'M_10004_MARKUPFEE_CREDIT'}, 'type': 'MARKUP_FEE_MODEL', 'defaultModel': False, 'modelIssuerId': '10004'}, {'modelIdentifier': {'reference': 'M_10004_MARKUPFEE_DEBIT'}, 'type': 'MARKUP_FEE_MODEL', 'defaultModel': True, 'modelIssuerId': '10004'}, {'modelIdentifier': {'reference': 'M_10004_MARKUPFEE_DEBIT'}, 'type': 'MARKUP_FEE_MODEL', 'defaultModel': False, 'modelIssuerId': '10004'}, {'modelIdentifier': {'reference': 'M_10004_RESTR_CHILD_DEBIT_PHYS'}, 'type': 'RESTRICTION_MODEL', 'defaultModel': True, 'modelIssuerId': '10004'}], 'availableClosureCalendars': [{'closureCalendarReference': 'C_10004_CLOSURE_DEBIT', 'defaultClosureCalendar': True}, {'closureCalendarReference': 'C_10004_CLOSURE_DEBIT', 'defaultClosureCalendar': False}], 'amountDuePaymentFeature': {'overlimitContributionToAmountDue': False}, 'allowedPaymentMode': {'allowedPaymentAutoPayment': True, 'allowedPaymentCardHolderDetermined': False, 'allowedPaymentDirectDebit': False}, 'checkOpenToBuy': True, 'instalmentAllowed': False, 'noParentNotification': False}], 'baseStructure': {'accountProductIdentifier': {'accountTemplateReference': 'T_10004_ROOT_DEBIT_PHYS'}, 'children': [{'accountProductIdentifier': {'accountTemplateReference': 'T_10004_CHILD_DEBIT_PHYS'}, 'cardAccountRelations': [{'priority': 0, 'relation': 'DEFAULT', 'cardProductIdentifier': {'cardTemplateReference': 'T_10004_CARD_DEBIT_PHYS'}, 'cardProfileReference': 'P_10004_CARD_DEBIT_PHYS'}]}]}} }</msg>
<msg timestamp="20230308 16:06:32.171" level="INFO">${response_print_in_console} = False</msg>
<msg timestamp="20230308 16:06:32.171" level="INFO">${SPACE} =  </msg>
<msg timestamp="20230308 16:06:32.171" level="INFO">${street_name} = </msg>
<msg timestamp="20230308 16:06:32.171" level="INFO">${SUITE_DOCUMENTATION} = </msg>
<msg timestamp="20230308 16:06:32.171" level="INFO">&amp;{SUITE_METADATA} = { }</msg>
<msg timestamp="20230308 16:06:32.171" level="INFO">${SUITE_NAME} = Andromeda2</msg>
<msg timestamp="20230308 16:06:32.171" level="INFO">${SUITE_SOURCE} = C:\Worldline\IBO_python_workspace\SANDBOX_V3\testsuite\ibo\sanity\andromeda2.robot</msg>
<msg timestamp="20230308 16:06:32.171" level="INFO">${TEMPDIR} = C:\Users\a589240\AppData\Local\Temp</msg>
<msg timestamp="20230308 16:06:32.171" level="INFO">${TEST_DOCUMENTATION} = </msg>
<msg timestamp="20230308 16:06:32.171" level="INFO">${TEST_NAME} = API TC00 - Get Api Version and Product Details</msg>
<msg timestamp="20230308 16:06:32.171" level="INFO">@{TEST_TAGS} = [ apiv2 ]</msg>
<msg timestamp="20230308 16:06:32.171" level="INFO">${True} = True</msg>
<msg timestamp="20230308 16:06:32.171" level="INFO">${unique_number} = </msg>
<msg timestamp="20230308 16:06:32.171" level="INFO">${uuid} = </msg>
<msg timestamp="20230308 16:06:32.171" level="INFO">@{val} = [ T_10004_CHILD_DEBIT_PHYS ]</msg>
<msg timestamp="20230308 16:06:32.171" level="INFO">${x} = 2</msg>
<status status="PASS" starttime="20230308 16:06:32.169" endtime="20230308 16:06:32.171"/>
</kw>
<status status="PASS" starttime="20230308 16:06:31.215" endtime="20230308 16:06:32.171"/>
</kw>
<status status="PASS" starttime="20230308 16:06:30.495" endtime="20230308 16:06:32.171"/>
</kw>
<tag>apiv2</tag>
<status status="PASS" starttime="20230308 16:06:30.495" endtime="20230308 16:06:32.172"/>
</test>
<test id="s1-t2" name="API TC01 - CreateContract and Retrive Contract, Card Contract, Accounts Details" line="38">
<kw name="API TC01 - CreateContract and Retrive Contract, Card Contract, Accounts Details" library="TC01 - CreateContract and Retrive Contract and Card ContractAccounts Details">
<doc>CreateContract and Retrive Contract, Card Contract, Accounts Details</doc>
<kw name="Run IBO Contract Cration API" library="ContractCreationAPI">
<var>${cntr_res_data}</var>
<doc>/issuers/{issuerId}/contracts/create-consumer-contract</doc>
<kw name="set basic Authentication" library="AuthenticationApi">
<kw name="Set Client Authentication" library="REST">
<arg>Basic</arg>
<arg>${API_USERNAME}</arg>
<arg>${API_PASSWORD}</arg>
<tag>settings</tag>
<doc>*Attaches HTTP basic authentication to the given requests.*</doc>
<status status="PASS" starttime="20230308 16:06:32.174" endtime="20230308 16:06:32.174"/>
</kw>
<status status="PASS" starttime="20230308 16:06:32.174" endtime="20230308 16:06:32.174"/>
</kw>
<kw name="Contract Creation Request data" library="ContractCreationAPI">
<var>${JSON_FILE}</var>
<doc>Basic Template to Create Contract create-consumer-contract.json</doc>
<kw name="Contract Creation Json Data Preparation" library="RandomDataGeneration">
<arg>DE</arg>
<kw name="Generate UUID" library="RandomDataGeneration">
<kw name="Random UUID" library="RandamDataLibrary">
<var>${random_uuid}</var>
<msg timestamp="20230308 16:06:32.175" level="INFO">${random_uuid} = 088aa161-2119-4e68-a345-50498a9c707f</msg>
<status status="PASS" starttime="20230308 16:06:32.175" endtime="20230308 16:06:32.175"/>
</kw>
<kw name="Set Global Variable" library="BuiltIn">
<arg>${uuid}</arg>
<arg>${random_uuid}</arg>
<doc>Makes a variable available globally in all tests and suites.</doc>
<msg timestamp="20230308 16:06:32.175" level="INFO">${uuid} = 088aa161-2119-4e68-a345-50498a9c707f</msg>
<status status="PASS" starttime="20230308 16:06:32.175" endtime="20230308 16:06:32.175"/>
</kw>
<status status="PASS" starttime="20230308 16:06:32.175" endtime="20230308 16:06:32.175"/>
</kw>
<kw name="Log" library="BuiltIn">
<arg>UUID</arg>
<doc>Logs the given message with the given level.</doc>
<msg timestamp="20230308 16:06:32.176" level="INFO">UUID</msg>
<status status="PASS" starttime="20230308 16:06:32.175" endtime="20230308 16:06:32.176"/>
</kw>
<kw name="Generate Color" library="RandomDataGeneration">
<kw name="Random Color" library="RandamDataLibrary">
<var>${random_color}</var>
<msg timestamp="20230308 16:06:32.176" level="INFO">${random_color} = green</msg>
<status status="PASS" starttime="20230308 16:06:32.176" endtime="20230308 16:06:32.176"/>
</kw>
<kw name="Set Global Variable" library="BuiltIn">
<arg>${color}</arg>
<arg>${random_color}</arg>
<doc>Makes a variable available globally in all tests and suites.</doc>
<msg timestamp="20230308 16:06:32.176" level="INFO">${color} = green</msg>
<status status="PASS" starttime="20230308 16:06:32.176" endtime="20230308 16:06:32.176"/>
</kw>
<status status="PASS" starttime="20230308 16:06:32.176" endtime="20230308 16:06:32.176"/>
</kw>
<kw name="Generate unique number" library="RandomDataGeneration">
<kw name="Random UniqueNumber" library="RandamDataLibrary">
<var>${random_unique_number}</var>
<msg timestamp="20230308 16:06:32.177" level="INFO">${random_unique_number} = 2303081606176592</msg>
<status status="PASS" starttime="20230308 16:06:32.177" endtime="20230308 16:06:32.177"/>
</kw>
<kw name="Set Global Variable" library="BuiltIn">
<arg>${unique_number}</arg>
<arg>${random_unique_number}</arg>
<doc>Makes a variable available globally in all tests and suites.</doc>
<msg timestamp="20230308 16:06:32.177" level="INFO">${unique_number} = 2303081606176592</msg>
<status status="PASS" starttime="20230308 16:06:32.177" endtime="20230308 16:06:32.177"/>
</kw>
<status status="PASS" starttime="20230308 16:06:32.176" endtime="20230308 16:06:32.177"/>
</kw>
<kw name="Generate First Name" library="RandomDataGeneration">
<kw name="Generate Random String" library="String">
<var>${random_firstname}</var>
<arg>12</arg>
<arg>[UPPER]</arg>
<doc>Generates a string with a desired ``length`` from the given ``chars``.</doc>
<msg timestamp="20230308 16:06:32.178" level="INFO">${random_firstname} = DLYZWSDTSQDL</msg>
<status status="PASS" starttime="20230308 16:06:32.177" endtime="20230308 16:06:32.178"/>
</kw>
<kw name="Set Global Variable" library="BuiltIn">
<arg>${first_name}</arg>
<arg>${random_firstname}</arg>
<doc>Makes a variable available globally in all tests and suites.</doc>
<msg timestamp="20230308 16:06:32.178" level="INFO">${first_name} = DLYZWSDTSQDL</msg>
<status status="PASS" starttime="20230308 16:06:32.178" endtime="20230308 16:06:32.178"/>
</kw>
<status status="PASS" starttime="20230308 16:06:32.177" endtime="20230308 16:06:32.178"/>
</kw>
<kw name="Generate Building Number" library="RandomDataGeneration">
<kw name="Random Building Number" library="RandamDataLibrary">
<var>${random_Building}</var>
<msg timestamp="20230308 16:06:32.178" level="INFO">${random_Building} = Z-63</msg>
<status status="PASS" starttime="20230308 16:06:32.178" endtime="20230308 16:06:32.178"/>
</kw>
<kw name="Set Global Variable" library="BuiltIn">
<arg>${building_number}</arg>
<arg>${random_Building}</arg>
<doc>Makes a variable available globally in all tests and suites.</doc>
<msg timestamp="20230308 16:06:32.179" level="INFO">${building_number} = Z-63</msg>
<status status="PASS" starttime="20230308 16:06:32.178" endtime="20230308 16:06:32.179"/>
</kw>
<status status="PASS" starttime="20230308 16:06:32.178" endtime="20230308 16:06:32.179"/>
</kw>
<kw name="Generate Box Number" library="RandomDataGeneration">
<kw name="Random Building Number" library="RandamDataLibrary">
<var>${random_box_number}</var>
<msg timestamp="20230308 16:06:32.179" level="INFO">${random_box_number} = U-37</msg>
<status status="PASS" starttime="20230308 16:06:32.179" endtime="20230308 16:06:32.179"/>
</kw>
<kw name="Set Global Variable" library="BuiltIn">
<arg>${box_number}</arg>
<arg>${random_box_number}</arg>
<doc>Makes a variable available globally in all tests and suites.</doc>
<msg timestamp="20230308 16:06:32.179" level="INFO">${box_number} = U-37</msg>
<status status="PASS" starttime="20230308 16:06:32.179" endtime="20230308 16:06:32.179"/>
</kw>
<status status="PASS" starttime="20230308 16:06:32.179" endtime="20230308 16:06:32.179"/>
</kw>
<kw name="Generate DOB" library="RandomDataGeneration">
<kw name="Random Date" library="RandamDataLibrary">
<var>${random_dob}</var>
<msg timestamp="20230308 16:06:32.180" level="INFO">${random_dob} = 1991-03-08</msg>
<status status="PASS" starttime="20230308 16:06:32.180" endtime="20230308 16:06:32.180"/>
</kw>
<kw name="Set Global Variable" library="BuiltIn">
<arg>${cntr_dob}</arg>
<arg>${random_dob}</arg>
<doc>Makes a variable available globally in all tests and suites.</doc>
<msg timestamp="20230308 16:06:32.180" level="INFO">${cntr_dob} = 1991-03-08</msg>
<status status="PASS" starttime="20230308 16:06:32.180" endtime="20230308 16:06:32.180"/>
</kw>
<status status="PASS" starttime="20230308 16:06:32.179" endtime="20230308 16:06:32.180"/>
</kw>
<kw name="Generate Street Name" library="RandomDataGeneration">
<kw name="Generate Random String" library="String">
<var>${random_Street}</var>
<arg>6</arg>
<arg>UPPER</arg>
<doc>Generates a string with a desired ``length`` from the given ``chars``.</doc>
<msg timestamp="20230308 16:06:32.181" level="INFO">${random_Street} = PPREUR</msg>
<status status="PASS" starttime="20230308 16:06:32.180" endtime="20230308 16:06:32.181"/>
</kw>
<kw name="Set Global Variable" library="BuiltIn">
<arg>${street_name}</arg>
<arg>${random_Street}</arg>
<doc>Makes a variable available globally in all tests and suites.</doc>
<msg timestamp="20230308 16:06:32.181" level="INFO">${street_name} = PPREUR</msg>
<status status="PASS" starttime="20230308 16:06:32.181" endtime="20230308 16:06:32.181"/>
</kw>
<status status="PASS" starttime="20230308 16:06:32.180" endtime="20230308 16:06:32.181"/>
</kw>
<kw name="Generate IBAN1" library="RandomDataGeneration">
<arg>${countryCode}</arg>
<kw name="Random IBAN" library="RandamDataLibrary">
<var>${random_iban1}</var>
<arg>${countryCode}</arg>
<msg timestamp="20230308 16:06:32.181" level="INFO">DE393704004423030837</msg>
<msg timestamp="20230308 16:06:32.181" level="INFO">${random_iban1} = DE393704004423030837</msg>
<status status="PASS" starttime="20230308 16:06:32.181" endtime="20230308 16:06:32.181"/>
</kw>
<kw name="Set Global Variable" library="BuiltIn">
<arg>${iban1}</arg>
<arg>${random_iban1}</arg>
<doc>Makes a variable available globally in all tests and suites.</doc>
<msg timestamp="20230308 16:06:32.182" level="INFO">${iban1} = DE393704004423030837</msg>
<status status="PASS" starttime="20230308 16:06:32.182" endtime="20230308 16:06:32.182"/>
</kw>
<status status="PASS" starttime="20230308 16:06:32.181" endtime="20230308 16:06:32.182"/>
</kw>
<kw name="Generate IBAN2" library="RandomDataGeneration">
<arg>${countryCode}</arg>
<kw name="Random IBAN" library="RandamDataLibrary">
<var>${random_iban2}</var>
<arg>${countryCode}</arg>
<msg timestamp="20230308 16:06:32.182" level="INFO">DE693704004423030870</msg>
<msg timestamp="20230308 16:06:32.182" level="INFO">${random_iban2} = DE693704004423030870</msg>
<status status="PASS" starttime="20230308 16:06:32.182" endtime="20230308 16:06:32.182"/>
</kw>
<kw name="Set Global Variable" library="BuiltIn">
<arg>${iban2}</arg>
<arg>${random_iban2}</arg>
<doc>Makes a variable available globally in all tests and suites.</doc>
<msg timestamp="20230308 16:06:32.182" level="INFO">${iban2} = DE693704004423030870</msg>
<status status="PASS" starttime="20230308 16:06:32.182" endtime="20230308 16:06:32.183"/>
</kw>
<status status="PASS" starttime="20230308 16:06:32.182" endtime="20230308 16:06:32.183"/>
</kw>
<kw name="Generate IBAN3" library="RandomDataGeneration">
<arg>${countryCode}</arg>
<kw name="Random IBAN" library="RandamDataLibrary">
<var>${random_iban3}</var>
<arg>${countryCode}</arg>
<msg timestamp="20230308 16:06:32.183" level="INFO">DE243704004423030878</msg>
<msg timestamp="20230308 16:06:32.183" level="INFO">${random_iban3} = DE243704004423030878</msg>
<status status="PASS" starttime="20230308 16:06:32.183" endtime="20230308 16:06:32.183"/>
</kw>
<kw name="Set Global Variable" library="BuiltIn">
<arg>${iban3}</arg>
<arg>${random_iban3}</arg>
<doc>Makes a variable available globally in all tests and suites.</doc>
<msg timestamp="20230308 16:06:32.183" level="INFO">${iban3} = DE243704004423030878</msg>
<status status="PASS" starttime="20230308 16:06:32.183" endtime="20230308 16:06:32.183"/>
</kw>
<status status="PASS" starttime="20230308 16:06:32.183" endtime="20230308 16:06:32.183"/>
</kw>
<kw name="Generate IBAN4" library="RandomDataGeneration">
<arg>${countryCode}</arg>
<kw name="Random IBAN" library="RandamDataLibrary">
<var>${random_iban4}</var>
<arg>${countryCode}</arg>
<msg timestamp="20230308 16:06:32.184" level="INFO">DE313704004423030892</msg>
<msg timestamp="20230308 16:06:32.184" level="INFO">${random_iban4} = DE313704004423030892</msg>
<status status="PASS" starttime="20230308 16:06:32.184" endtime="20230308 16:06:32.184"/>
</kw>
<kw name="Set Global Variable" library="BuiltIn">
<arg>${iban4}</arg>
<arg>${random_iban4}</arg>
<doc>Makes a variable available globally in all tests and suites.</doc>
<msg timestamp="20230308 16:06:32.184" level="INFO">${iban4} = DE313704004423030892</msg>
<status status="PASS" starttime="20230308 16:06:32.184" endtime="20230308 16:06:32.184"/>
</kw>
<status status="PASS" starttime="20230308 16:06:32.183" endtime="20230308 16:06:32.184"/>
</kw>
<kw name="Generate Mobile Number" library="RandomDataGeneration">
<arg>9</arg>
<kw name="Random MobileNumber" library="RandamDataLibrary">
<var>${random_mbno}</var>
<arg>${length}</arg>
<msg timestamp="20230308 16:06:32.184" level="INFO">${random_mbno} = 781216393</msg>
<status status="PASS" starttime="20230308 16:06:32.184" endtime="20230308 16:06:32.184"/>
</kw>
<kw name="Set Global Variable" library="BuiltIn">
<arg>${mobile_number}</arg>
<arg>${random_mbno}</arg>
<doc>Makes a variable available globally in all tests and suites.</doc>
<msg timestamp="20230308 16:06:32.185" level="INFO">${mobile_number} = 781216393</msg>
<status status="PASS" starttime="20230308 16:06:32.185" endtime="20230308 16:06:32.185"/>
</kw>
<status status="PASS" starttime="20230308 16:06:32.184" endtime="20230308 16:06:32.185"/>
</kw>
<status status="PASS" starttime="20230308 16:06:32.175" endtime="20230308 16:06:32.185"/>
</kw>
<kw name="Load Json From File" library="JSONLibrary">
<var>${JSON_FILE}</var>
<arg>C:\\Worldline\\IBO_python_workspace\\SANDBOX_V3\\interface\\ibo\\restapi\\contract/../../../../files/ibo/restapi/templates/contract/create_consumer_contract.json</arg>
<doc>Load JSON from file.</doc>
<msg timestamp="20230308 16:06:32.186" level="INFO">${JSON_FILE} = {'customers': [{'requestCorrelationId': '1', 'issuerCustomerExternalReference': 'CUS_EXT_REF_{{uniqueNumber}}', 'active': True, 'courtesyTitle': 'Mr', 'lastName': 'ANNABATHINA', 'firstName': '{{firstN...</msg>
<status status="PASS" starttime="20230308 16:06:32.185" endtime="20230308 16:06:32.186"/>
</kw>
<kw name="Update Value To Json" library="JSONLibrary">
<var>${JSON_FILE}</var>
<arg>${JSON_FILE}</arg>
<arg>$.customers[0].issuerCustomerExternalReference</arg>
<arg>CUS_EXT_REF_${unique_number}</arg>
<doc>Update value to JSON using JSONPath</doc>
<msg timestamp="20230308 16:06:32.200" level="INFO">${JSON_FILE} = {'customers': [{'requestCorrelationId': '1', 'issuerCustomerExternalReference': 'CUS_EXT_REF_2303081606176592', 'active': True, 'courtesyTitle': 'Mr', 'lastName': 'ANNABATHINA', 'firstName': '{{firstN...</msg>
<status status="PASS" starttime="20230308 16:06:32.186" endtime="20230308 16:06:32.200"/>
</kw>
<kw name="Update Value To Json" library="JSONLibrary">
<var>${JSON_FILE}</var>
<arg>${JSON_FILE}</arg>
<arg>$.customers[0].firstName</arg>
<arg>${first_name}</arg>
<doc>Update value to JSON using JSONPath</doc>
<msg timestamp="20230308 16:06:32.214" level="INFO">${JSON_FILE} = {'customers': [{'requestCorrelationId': '1', 'issuerCustomerExternalReference': 'CUS_EXT_REF_2303081606176592', 'active': True, 'courtesyTitle': 'Mr', 'lastName': 'ANNABATHINA', 'firstName': 'DLYZWSDT...</msg>
<status status="PASS" starttime="20230308 16:06:32.200" endtime="20230308 16:06:32.214"/>
</kw>
<kw name="Update Value To Json" library="JSONLibrary">
<var>${JSON_FILE}</var>
<arg>${JSON_FILE}</arg>
<arg>$.customers[0].birthDate</arg>
<arg>${cntr_dob}</arg>
<doc>Update value to JSON using JSONPath</doc>
<msg timestamp="20230308 16:06:32.228" level="INFO">${JSON_FILE} = {'customers': [{'requestCorrelationId': '1', 'issuerCustomerExternalReference': 'CUS_EXT_REF_2303081606176592', 'active': True, 'courtesyTitle': 'Mr', 'lastName': 'ANNABATHINA', 'firstName': 'DLYZWSDT...</msg>
<status status="PASS" starttime="20230308 16:06:32.214" endtime="20230308 16:06:32.228"/>
</kw>
<kw name="Update Value To Json" library="JSONLibrary">
<var>${JSON_FILE}</var>
<arg>${JSON_FILE}</arg>
<arg>$.customers[0].employerName</arg>
<arg>ANNABATHINA ${first_name}</arg>
<doc>Update value to JSON using JSONPath</doc>
<msg timestamp="20230308 16:06:32.244" level="INFO">${JSON_FILE} = {'customers': [{'requestCorrelationId': '1', 'issuerCustomerExternalReference': 'CUS_EXT_REF_2303081606176592', 'active': True, 'courtesyTitle': 'Mr', 'lastName': 'ANNABATHINA', 'firstName': 'DLYZWSDT...</msg>
<status status="PASS" starttime="20230308 16:06:32.228" endtime="20230308 16:06:32.244"/>
</kw>
<kw name="Update Value To Json" library="JSONLibrary">
<var>${JSON_FILE}</var>
<arg>${JSON_FILE}</arg>
<arg>$.customers[0].secretAnswer</arg>
<arg>${color}</arg>
<doc>Update value to JSON using JSONPath</doc>
<msg timestamp="20230308 16:06:32.257" level="INFO">${JSON_FILE} = {'customers': [{'requestCorrelationId': '1', 'issuerCustomerExternalReference': 'CUS_EXT_REF_2303081606176592', 'active': True, 'courtesyTitle': 'Mr', 'lastName': 'ANNABATHINA', 'firstName': 'DLYZWSDT...</msg>
<status status="PASS" starttime="20230308 16:06:32.244" endtime="20230308 16:06:32.257"/>
</kw>
<kw name="Update Value To Json" library="JSONLibrary">
<var>${JSON_FILE}</var>
<arg>${JSON_FILE}</arg>
<arg>$.customers[0].partnerExternalReference</arg>
<arg>PAT_EXT_REF_${unique_number}</arg>
<doc>Update value to JSON using JSONPath</doc>
<msg timestamp="20230308 16:06:32.270" level="INFO">${JSON_FILE} = {'customers': [{'requestCorrelationId': '1', 'issuerCustomerExternalReference': 'CUS_EXT_REF_2303081606176592', 'active': True, 'courtesyTitle': 'Mr', 'lastName': 'ANNABATHINA', 'firstName': 'DLYZWSDT...</msg>
<status status="PASS" starttime="20230308 16:06:32.257" endtime="20230308 16:06:32.270"/>
</kw>
<kw name="Update Value To Json" library="JSONLibrary">
<var>${JSON_FILE}</var>
<arg>${JSON_FILE}</arg>
<arg>$.customers[0].addresses[0].postalAddress.line1</arg>
<arg>${first_name} ANNABATHINA</arg>
<doc>Update value to JSON using JSONPath</doc>
<msg timestamp="20230308 16:06:32.284" level="INFO">${JSON_FILE} = {'customers': [{'requestCorrelationId': '1', 'issuerCustomerExternalReference': 'CUS_EXT_REF_2303081606176592', 'active': True, 'courtesyTitle': 'Mr', 'lastName': 'ANNABATHINA', 'firstName': 'DLYZWSDT...</msg>
<status status="PASS" starttime="20230308 16:06:32.270" endtime="20230308 16:06:32.284"/>
</kw>
<kw name="Update Value To Json" library="JSONLibrary">
<var>${JSON_FILE}</var>
<arg>${JSON_FILE}</arg>
<arg>$.customers[0].addresses[0].postalAddress.buildingNumber</arg>
<arg>${building_number}</arg>
<doc>Update value to JSON using JSONPath</doc>
<msg timestamp="20230308 16:06:32.297" level="INFO">${JSON_FILE} = {'customers': [{'requestCorrelationId': '1', 'issuerCustomerExternalReference': 'CUS_EXT_REF_2303081606176592', 'active': True, 'courtesyTitle': 'Mr', 'lastName': 'ANNABATHINA', 'firstName': 'DLYZWSDT...</msg>
<status status="PASS" starttime="20230308 16:06:32.284" endtime="20230308 16:06:32.297"/>
</kw>
<kw name="Update Value To Json" library="JSONLibrary">
<var>${JSON_FILE}</var>
<arg>${JSON_FILE}</arg>
<arg>$.customers[0].addresses[0].postalAddress.boxNumber</arg>
<arg>${box_number}</arg>
<doc>Update value to JSON using JSONPath</doc>
<msg timestamp="20230308 16:06:32.311" level="INFO">${JSON_FILE} = {'customers': [{'requestCorrelationId': '1', 'issuerCustomerExternalReference': 'CUS_EXT_REF_2303081606176592', 'active': True, 'courtesyTitle': 'Mr', 'lastName': 'ANNABATHINA', 'firstName': 'DLYZWSDT...</msg>
<status status="PASS" starttime="20230308 16:06:32.297" endtime="20230308 16:06:32.311"/>
</kw>
<kw name="Update Value To Json" library="JSONLibrary">
<var>${JSON_FILE}</var>
<arg>${JSON_FILE}</arg>
<arg>$.customers[0].addresses[0].postalAddress.streetName</arg>
<arg>${street_name}</arg>
<doc>Update value to JSON using JSONPath</doc>
<msg timestamp="20230308 16:06:32.325" level="INFO">${JSON_FILE} = {'customers': [{'requestCorrelationId': '1', 'issuerCustomerExternalReference': 'CUS_EXT_REF_2303081606176592', 'active': True, 'courtesyTitle': 'Mr', 'lastName': 'ANNABATHINA', 'firstName': 'DLYZWSDT...</msg>
<status status="PASS" starttime="20230308 16:06:32.311" endtime="20230308 16:06:32.325"/>
</kw>
<kw name="Update Value To Json" library="JSONLibrary">
<var>${JSON_FILE}</var>
<arg>${JSON_FILE}</arg>
<arg>$.customers[0].addresses[0].emailAddress.email</arg>
<arg>${first_name}.annabathina@wgs.com</arg>
<doc>Update value to JSON using JSONPath</doc>
<msg timestamp="20230308 16:06:32.339" level="INFO">${JSON_FILE} = {'customers': [{'requestCorrelationId': '1', 'issuerCustomerExternalReference': 'CUS_EXT_REF_2303081606176592', 'active': True, 'courtesyTitle': 'Mr', 'lastName': 'ANNABATHINA', 'firstName': 'DLYZWSDT...</msg>
<status status="PASS" starttime="20230308 16:06:32.325" endtime="20230308 16:06:32.339"/>
</kw>
<kw name="Update Value To Json" library="JSONLibrary">
<var>${JSON_FILE}</var>
<arg>${JSON_FILE}</arg>
<arg>$.customers[0].addresses[0].addressUsages[0].entityReference</arg>
<arg>ENT_REF_${unique_number}</arg>
<doc>Update value to JSON using JSONPath</doc>
<msg timestamp="20230308 16:06:32.351" level="INFO">${JSON_FILE} = {'customers': [{'requestCorrelationId': '1', 'issuerCustomerExternalReference': 'CUS_EXT_REF_2303081606176592', 'active': True, 'courtesyTitle': 'Mr', 'lastName': 'ANNABATHINA', 'firstName': 'DLYZWSDT...</msg>
<status status="PASS" starttime="20230308 16:06:32.339" endtime="20230308 16:06:32.351"/>
</kw>
<kw name="Update Value To Json" library="JSONLibrary">
<var>${JSON_FILE}</var>
<arg>${JSON_FILE}</arg>
<arg>$.customers[0].addresses[0].issuerAddressExternalReference</arg>
<arg>ADD_EXT_REF_${unique_number}</arg>
<doc>Update value to JSON using JSONPath</doc>
<msg timestamp="20230308 16:06:32.365" level="INFO">${JSON_FILE} = {'customers': [{'requestCorrelationId': '1', 'issuerCustomerExternalReference': 'CUS_EXT_REF_2303081606176592', 'active': True, 'courtesyTitle': 'Mr', 'lastName': 'ANNABATHINA', 'firstName': 'DLYZWSDT...</msg>
<status status="PASS" starttime="20230308 16:06:32.351" endtime="20230308 16:06:32.365"/>
</kw>
<kw name="Update Value To Json" library="JSONLibrary">
<var>${JSON_FILE}</var>
<arg>${JSON_FILE}</arg>
<arg>$.contract.issuerProductExternalReference</arg>
<arg>${product_config_templates.issuerProductExternalReference}</arg>
<doc>Update value to JSON using JSONPath</doc>
<msg timestamp="20230308 16:06:32.379" level="INFO">${JSON_FILE} = {'customers': [{'requestCorrelationId': '1', 'issuerCustomerExternalReference': 'CUS_EXT_REF_2303081606176592', 'active': True, 'courtesyTitle': 'Mr', 'lastName': 'ANNABATHINA', 'firstName': 'DLYZWSDT...</msg>
<status status="PASS" starttime="20230308 16:06:32.365" endtime="20230308 16:06:32.379"/>
</kw>
<kw name="Update Value To Json" library="JSONLibrary">
<var>${JSON_FILE}</var>
<arg>${JSON_FILE}</arg>
<arg>$.contract.cardReleaseOrder</arg>
<arg>MANUAL</arg>
<doc>Update value to JSON using JSONPath</doc>
<msg timestamp="20230308 16:06:32.395" level="INFO">${JSON_FILE} = {'customers': [{'requestCorrelationId': '1', 'issuerCustomerExternalReference': 'CUS_EXT_REF_2303081606176592', 'active': True, 'courtesyTitle': 'Mr', 'lastName': 'ANNABATHINA', 'firstName': 'DLYZWSDT...</msg>
<status status="PASS" starttime="20230308 16:06:32.380" endtime="20230308 16:06:32.395"/>
</kw>
<kw name="Update Value To Json" library="JSONLibrary">
<var>${JSON_FILE}</var>
<arg>${JSON_FILE}</arg>
<arg>$.contract.accountHierarchy.accounts[0].issuerAccountExternalReference</arg>
<arg>ROOT_ACC_EXT_REF_${unique_number}</arg>
<doc>Update value to JSON using JSONPath</doc>
<msg timestamp="20230308 16:06:32.409" level="INFO">${JSON_FILE} = {'customers': [{'requestCorrelationId': '1', 'issuerCustomerExternalReference': 'CUS_EXT_REF_2303081606176592', 'active': True, 'courtesyTitle': 'Mr', 'lastName': 'ANNABATHINA', 'firstName': 'DLYZWSDT...</msg>
<status status="PASS" starttime="20230308 16:06:32.395" endtime="20230308 16:06:32.409"/>
</kw>
<kw name="Update Value To Json" library="JSONLibrary">
<var>${JSON_FILE}</var>
<arg>${JSON_FILE}</arg>
<arg>$.contract.accountHierarchy.accounts[0].accountTemplateReference</arg>
<arg>${product_config_templates.rootAccountTemplateReference}</arg>
<doc>Update value to JSON using JSONPath</doc>
<msg timestamp="20230308 16:06:32.441" level="INFO">${JSON_FILE} = {'customers': [{'requestCorrelationId': '1', 'issuerCustomerExternalReference': 'CUS_EXT_REF_2303081606176592', 'active': True, 'courtesyTitle': 'Mr', 'lastName': 'ANNABATHINA', 'firstName': 'DLYZWSDT...</msg>
<status status="PASS" starttime="20230308 16:06:32.410" endtime="20230308 16:06:32.441"/>
</kw>
<kw name="Update Value To Json" library="JSONLibrary">
<var>${JSON_FILE}</var>
<arg>${JSON_FILE}</arg>
<arg>$.contract.accountHierarchy.accounts[0].iban</arg>
<arg>${iban1}</arg>
<doc>Update value to JSON using JSONPath</doc>
<msg timestamp="20230308 16:06:32.456" level="INFO">${JSON_FILE} = {'customers': [{'requestCorrelationId': '1', 'issuerCustomerExternalReference': 'CUS_EXT_REF_2303081606176592', 'active': True, 'courtesyTitle': 'Mr', 'lastName': 'ANNABATHINA', 'firstName': 'DLYZWSDT...</msg>
<status status="PASS" starttime="20230308 16:06:32.441" endtime="20230308 16:06:32.456"/>
</kw>
<kw name="Update Value To Json" library="JSONLibrary">
<var>${JSON_FILE}</var>
<arg>${JSON_FILE}</arg>
<arg>$.contract.accountHierarchy.accounts[0].secondIban</arg>
<arg>${iban2}</arg>
<doc>Update value to JSON using JSONPath</doc>
<msg timestamp="20230308 16:06:32.470" level="INFO">${JSON_FILE} = {'customers': [{'requestCorrelationId': '1', 'issuerCustomerExternalReference': 'CUS_EXT_REF_2303081606176592', 'active': True, 'courtesyTitle': 'Mr', 'lastName': 'ANNABATHINA', 'firstName': 'DLYZWSDT...</msg>
<status status="PASS" starttime="20230308 16:06:32.456" endtime="20230308 16:06:32.470"/>
</kw>
<kw name="Update Value To Json" library="JSONLibrary">
<var>${JSON_FILE}</var>
<arg>${JSON_FILE}</arg>
<arg>$.contract.accountHierarchy.accounts[1].issuerAccountExternalReference</arg>
<arg>CHILD_ACC_EXT_REF_${unique_number}</arg>
<doc>Update value to JSON using JSONPath</doc>
<msg timestamp="20230308 16:06:32.484" level="INFO">${JSON_FILE} = {'customers': [{'requestCorrelationId': '1', 'issuerCustomerExternalReference': 'CUS_EXT_REF_2303081606176592', 'active': True, 'courtesyTitle': 'Mr', 'lastName': 'ANNABATHINA', 'firstName': 'DLYZWSDT...</msg>
<status status="PASS" starttime="20230308 16:06:32.470" endtime="20230308 16:06:32.484"/>
</kw>
<kw name="Update Value To Json" library="JSONLibrary">
<var>${JSON_FILE}</var>
<arg>${JSON_FILE}</arg>
<arg>$.contract.accountHierarchy.accounts[1].accountTemplateReference</arg>
<arg>${product_config_templates.accountTemplateReference}</arg>
<doc>Update value to JSON using JSONPath</doc>
<msg timestamp="20230308 16:06:32.500" level="INFO">${JSON_FILE} = {'customers': [{'requestCorrelationId': '1', 'issuerCustomerExternalReference': 'CUS_EXT_REF_2303081606176592', 'active': True, 'courtesyTitle': 'Mr', 'lastName': 'ANNABATHINA', 'firstName': 'DLYZWSDT...</msg>
<status status="PASS" starttime="20230308 16:06:32.485" endtime="20230308 16:06:32.500"/>
</kw>
<kw name="Update Value To Json" library="JSONLibrary">
<var>${JSON_FILE}</var>
<arg>${JSON_FILE}</arg>
<arg>$.contract.accountHierarchy.accounts[1].iban</arg>
<arg>${iban3}</arg>
<doc>Update value to JSON using JSONPath</doc>
<msg timestamp="20230308 16:06:32.515" level="INFO">${JSON_FILE} = {'customers': [{'requestCorrelationId': '1', 'issuerCustomerExternalReference': 'CUS_EXT_REF_2303081606176592', 'active': True, 'courtesyTitle': 'Mr', 'lastName': 'ANNABATHINA', 'firstName': 'DLYZWSDT...</msg>
<status status="PASS" starttime="20230308 16:06:32.500" endtime="20230308 16:06:32.515"/>
</kw>
<kw name="Update Value To Json" library="JSONLibrary">
<var>${JSON_FILE}</var>
<arg>${JSON_FILE}</arg>
<arg>$.contract.accountHierarchy.accounts[1].secondIban</arg>
<arg>${iban4}</arg>
<doc>Update value to JSON using JSONPath</doc>
<msg timestamp="20230308 16:06:32.529" level="INFO">${JSON_FILE} = {'customers': [{'requestCorrelationId': '1', 'issuerCustomerExternalReference': 'CUS_EXT_REF_2303081606176592', 'active': True, 'courtesyTitle': 'Mr', 'lastName': 'ANNABATHINA', 'firstName': 'DLYZWSDT...</msg>
<status status="PASS" starttime="20230308 16:06:32.515" endtime="20230308 16:06:32.529"/>
</kw>
<kw name="Update Value To Json" library="JSONLibrary">
<var>${JSON_FILE}</var>
<arg>${JSON_FILE}</arg>
<arg>$.contract.cardContracts[0].card.issuerCardExternalReference</arg>
<arg>CARD_EXT_REF_${unique_number}</arg>
<doc>Update value to JSON using JSONPath</doc>
<msg timestamp="20230308 16:06:32.543" level="INFO">${JSON_FILE} = {'customers': [{'requestCorrelationId': '1', 'issuerCustomerExternalReference': 'CUS_EXT_REF_2303081606176592', 'active': True, 'courtesyTitle': 'Mr', 'lastName': 'ANNABATHINA', 'firstName': 'DLYZWSDT...</msg>
<status status="PASS" starttime="20230308 16:06:32.529" endtime="20230308 16:06:32.543"/>
</kw>
<kw name="Update Value To Json" library="JSONLibrary">
<var>${JSON_FILE}</var>
<arg>${JSON_FILE}</arg>
<arg>$.contract.cardContracts[0].issuerCardContractExternalReference</arg>
<arg>CARD_CNT_EXT_REF_${unique_number}</arg>
<doc>Update value to JSON using JSONPath</doc>
<msg timestamp="20230308 16:06:32.559" level="INFO">${JSON_FILE} = {'customers': [{'requestCorrelationId': '1', 'issuerCustomerExternalReference': 'CUS_EXT_REF_2303081606176592', 'active': True, 'courtesyTitle': 'Mr', 'lastName': 'ANNABATHINA', 'firstName': 'DLYZWSDT...</msg>
<status status="PASS" starttime="20230308 16:06:32.543" endtime="20230308 16:06:32.559"/>
</kw>
<kw name="Update Value To Json" library="JSONLibrary">
<var>${JSON_FILE}</var>
<arg>${JSON_FILE}</arg>
<arg>$.contract.cardContracts[0].cardTemplateReference</arg>
<arg>${product_config_templates.cardTemplateReference}</arg>
<doc>Update value to JSON using JSONPath</doc>
<msg timestamp="20230308 16:06:32.573" level="INFO">${JSON_FILE} = {'customers': [{'requestCorrelationId': '1', 'issuerCustomerExternalReference': 'CUS_EXT_REF_2303081606176592', 'active': True, 'courtesyTitle': 'Mr', 'lastName': 'ANNABATHINA', 'firstName': 'DLYZWSDT...</msg>
<status status="PASS" starttime="20230308 16:06:32.559" endtime="20230308 16:06:32.573"/>
</kw>
<kw name="Update Value To Json" library="JSONLibrary">
<var>${JSON_FILE}</var>
<arg>${JSON_FILE}</arg>
<arg>$.contract.cardContracts[0].forcedEmbossingName</arg>
<arg>${first_name} ANNABATHINA</arg>
<doc>Update value to JSON using JSONPath</doc>
<msg timestamp="20230308 16:06:32.587" level="INFO">${JSON_FILE} = {'customers': [{'requestCorrelationId': '1', 'issuerCustomerExternalReference': 'CUS_EXT_REF_2303081606176592', 'active': True, 'courtesyTitle': 'Mr', 'lastName': 'ANNABATHINA', 'firstName': 'DLYZWSDT...</msg>
<status status="PASS" starttime="20230308 16:06:32.573" endtime="20230308 16:06:32.588"/>
</kw>
<msg timestamp="20230308 16:06:32.588" level="INFO">${JSON_FILE} = {'customers': [{'requestCorrelationId': '1', 'issuerCustomerExternalReference': 'CUS_EXT_REF_2303081606176592', 'active': True, 'courtesyTitle': 'Mr', 'lastName': 'ANNABATHINA', 'firstName': 'DLYZWSDT...</msg>
<status status="PASS" starttime="20230308 16:06:32.174" endtime="20230308 16:06:32.588"/>
</kw>
<kw name="Log" library="BuiltIn">
<arg>${JSON_FILE}</arg>
<doc>Logs the given message with the given level.</doc>
[...]
        "cardScheme": "MASTERCARD",
        "virtual": false,
        "techAndAppModelName": "M_10004_APPTEC_MAESTRO",
        "contractType": "CONSUMER"
    }
}</msg>
<status status="PASS" starttime="20230308 16:06:58.756" endtime="20230308 16:06:58.757"/>
</kw>
<kw name="Integer" library="REST">
<arg>response status</arg>
<arg>200</arg>
<tag>assertions</tag>
<doc>*Asserts the field as JSON integer.*</doc>
<status status="PASS" starttime="20230308 16:06:58.757" endtime="20230308 16:06:58.758"/>
</kw>
<kw name="String" library="REST">
<arg>$.data.status</arg>
<arg>${expected_card_status}</arg>
<tag>assertions</tag>
<doc>*Asserts the field as JSON string.*</doc>
<status status="PASS" starttime="20230308 16:06:58.758" endtime="20230308 16:06:58.778"/>
</kw>
<kw name="String" library="REST">
<arg>$.data.cardContractIdentifier.issuerCardContractExternalReference</arg>
<arg>${cntr_res_data.issuerCardContractExternalReference}</arg>
<tag>assertions</tag>
<doc>*Asserts the field as JSON string.*</doc>
<status status="PASS" starttime="20230308 16:06:58.778" endtime="20230308 16:06:58.795"/>
</kw>
<status status="PASS" starttime="20230308 16:06:58.089" endtime="20230308 16:06:58.795"/>
</kw>
<kw name="Run IBO UnBlock a card ext API" library="CardLifeCycleAPI">
<doc>/issuers/{issuerId}/cards/external-cards/{issuerCardExternalReference}/unblock</doc>
<kw name="set basic Authentication" library="AuthenticationApi">
<kw name="Set Client Authentication" library="REST">
<arg>Basic</arg>
<arg>${API_USERNAME}</arg>
<arg>${API_PASSWORD}</arg>
<tag>settings</tag>
<doc>*Attaches HTTP basic authentication to the given requests.*</doc>
<status status="PASS" starttime="20230308 16:06:58.795" endtime="20230308 16:06:58.795"/>
</kw>
<status status="PASS" starttime="20230308 16:06:58.795" endtime="20230308 16:06:58.796"/>
</kw>
<kw name="Unblock card Json Data" library="CardLifeCycleAPI">
<var>${JSON_FILE}</var>
<doc>Basic Template to Unblock a card</doc>
<kw name="Load Json From File" library="JSONLibrary">
<var>${JSON_FILE}</var>
<arg>C:\\Worldline\\IBO_python_workspace\\SANDBOX_V3\\interface\\ibo\\restapi\\card/../../../../files/ibo/restapi/templates/card/UnBlock_card.json</arg>
<doc>Load JSON from file.</doc>
<msg timestamp="20230308 16:06:58.797" level="INFO">${JSON_FILE} = {'comment': 'card found at my home'}</msg>
<status status="PASS" starttime="20230308 16:06:58.796" endtime="20230308 16:06:58.797"/>
</kw>
<msg timestamp="20230308 16:06:58.797" level="INFO">${JSON_FILE} = {'comment': 'card found at my home'}</msg>
<status status="PASS" starttime="20230308 16:06:58.796" endtime="20230308 16:06:58.797"/>
</kw>
<kw name="POST" library="REST">
<arg>${BASE_API_URL}/issuers/${issuerId}/cards/external-cards/${cntr_res_data.issuerCardExternalReference}/unblock</arg>
<arg>body=${JSON_FILE}</arg>
<tag>http</tag>
<doc>*Sends a POST request to the endpoint.*</doc>
<status status="PASS" starttime="20230308 16:06:58.797" endtime="20230308 16:06:59.490"/>
</kw>
<kw name="Output" library="REST">
<arg>response body</arg>
<arg>also_console=${response_print_in_console}</arg>
<tag>I/O</tag>
<doc>*Outputs JSON to terminal or a file.*</doc>
<msg timestamp="20230308 16:06:59.491" level="INFO">
{
    "responseMetadata": {
        "correlationId": "fcc4d861-c2be-4d8d-a35d-c10fd3835ef5",
        "statusMessage": "Executed successfully",
        "statusCode": 200,
        "responseDateTime": "2023-03-08T11:37:00.019+0100",
        "timeTakenMs": 31
    },
    "data": {
        "status": "ACTIVE",
        "cardIdentifier": {
            "cardReference": "000006011",
            "issuerCardExternalReference": "CARD_EXT_REF_2303081606955653"
        },
        "comment": "card found at my home",
        "cardUnblockingDateTime": "2023-03-08T10:37:00.008+00:00"
    }
}</msg>
<status status="PASS" starttime="20230308 16:06:59.490" endtime="20230308 16:06:59.491"/>
</kw>
<kw name="Integer" library="REST">
<arg>response status</arg>
<arg>200</arg>
<tag>assertions</tag>
<doc>*Asserts the field as JSON integer.*</doc>
<status status="PASS" starttime="20230308 16:06:59.492" endtime="20230308 16:06:59.494"/>
</kw>
<kw name="String" library="REST">
<arg>$.data.status</arg>
<arg>ACTIVE</arg>
<tag>assertions</tag>
<doc>*Asserts the field as JSON string.*</doc>
<status status="PASS" starttime="20230308 16:06:59.494" endtime="20230308 16:06:59.526"/>
</kw>
<status status="PASS" starttime="20230308 16:06:58.795" endtime="20230308 16:06:59.526"/>
</kw>
<kw name="Run IBO Retrieve card ext API" library="CardLifeCycleAPI">
<arg>ACTIVE</arg>
<doc>/issuers/{issuerId}/cards/external-cards/{issuerCardExternalReference}</doc>
<kw name="set basic Authentication" library="AuthenticationApi">
<kw name="Set Client Authentication" library="REST">
<arg>Basic</arg>
<arg>${API_USERNAME}</arg>
<arg>${API_PASSWORD}</arg>
<tag>settings</tag>
<doc>*Attaches HTTP basic authentication to the given requests.*</doc>
<status status="PASS" starttime="20230308 16:06:59.527" endtime="20230308 16:06:59.527"/>
</kw>
<status status="PASS" starttime="20230308 16:06:59.527" endtime="20230308 16:06:59.527"/>
</kw>
<kw name="GET" library="REST">
<arg>${BASE_API_URL}/issuers/${issuerId}/cards/external-cards/${cntr_res_data.issuerCardExternalReference}</arg>
<tag>http</tag>
<doc>*Sends a GET request to the endpoint.*</doc>
<status status="PASS" starttime="20230308 16:06:59.528" endtime="20230308 16:07:00.198"/>
</kw>
<kw name="Output" library="REST">
<var>${response}</var>
<arg>response body</arg>
<arg>also_console=False</arg>
<tag>I/O</tag>
<doc>*Outputs JSON to terminal or a file.*</doc>
<msg timestamp="20230308 16:07:00.199" level="INFO">
{
    "responseMetadata": {
        "correlationId": "bd0f0669-8c10-4b50-a9c5-4b998ab4ebc2",
        "statusMessage": "Executed successfully",
        "statusCode": 200,
        "responseDateTime": "2023-03-08T11:37:00.736+0100",
        "timeTakenMs": 16
    },
    "data": {
        "issuerId": "10004",
        "cardIdentifier": {
            "cardReference": "000006011",
            "issuerCardExternalReference": "CARD_EXT_REF_2303081606955653"
        },
        "pan": "6779300075552539",
        "maskedPan": "677930******2539",
        "panReference": "2004a94b430b0186496e8855c5d698a568c0",
        "expiryDate": "0328",
        "panSequenceNumber": "1",
        "status": "ACTIVE",
        "statusDate": "2023-03-08T10:36:56.995+00:00",
        "embossingName": "NLTOBTUIZMUZ ANNABATHINA",
        "artwork": "1101B",
        "permanentlyBlocked": false,
        "emergencyCard": false,
        "emergencyCashAdvance": false,
        "renewed": false,
        "replaced": false,
        "cardContractIdentifier": {
            "cardContractReference": "10004000006010",
            "issuerCardContractExternalReference": "CARD_CNT_EXT_REF_2303081606955653"
        },
        "isCardDigitalizationAllowed": false,
        "cardScheme": "MASTERCARD",
        "virtual": false,
        "techAndAppModelName": "M_10004_APPTEC_MAESTRO",
        "contractType": "CONSUMER"
    }
}</msg>
<msg timestamp="20230308 16:07:00.199" level="INFO">${response} = {'responseMetadata': {'correlationId': 'bd0f0669-8c10-4b50-a9c5-4b998ab4ebc2', 'statusMessage': 'Executed successfully', 'statusCode': 200, 'responseDateTime': '2023-03-08T11:37:00.736+0100', 'timeTak...</msg>
<status status="PASS" starttime="20230308 16:07:00.198" endtime="20230308 16:07:00.199"/>
</kw>
<kw name="Output" library="REST">
<arg>response body</arg>
<arg>also_console=${response_print_in_console}</arg>
<tag>I/O</tag>
<doc>*Outputs JSON to terminal or a file.*</doc>
<msg timestamp="20230308 16:07:00.200" level="INFO">
{
    "responseMetadata": {
        "correlationId": "bd0f0669-8c10-4b50-a9c5-4b998ab4ebc2",
        "statusMessage": "Executed successfully",
        "statusCode": 200,
        "responseDateTime": "2023-03-08T11:37:00.736+0100",
        "timeTakenMs": 16
    },
    "data": {
        "issuerId": "10004",
        "cardIdentifier": {
            "cardReference": "000006011",
            "issuerCardExternalReference": "CARD_EXT_REF_2303081606955653"
        },
        "pan": "6779300075552539",
        "maskedPan": "677930******2539",
        "panReference": "2004a94b430b0186496e8855c5d698a568c0",
        "expiryDate": "0328",
        "panSequenceNumber": "1",
        "status": "ACTIVE",
        "statusDate": "2023-03-08T10:36:56.995+00:00",
        "embossingName": "NLTOBTUIZMUZ ANNABATHINA",
        "artwork": "1101B",
        "permanentlyBlocked": false,
        "emergencyCard": false,
        "emergencyCashAdvance": false,
        "renewed": false,
        "replaced": false,
        "cardContractIdentifier": {
            "cardContractReference": "10004000006010",
            "issuerCardContractExternalReference": "CARD_CNT_EXT_REF_2303081606955653"
        },
        "isCardDigitalizationAllowed": false,
        "cardScheme": "MASTERCARD",
        "virtual": false,
        "techAndAppModelName": "M_10004_APPTEC_MAESTRO",
        "contractType": "CONSUMER"
    }
}</msg>
<status status="PASS" starttime="20230308 16:07:00.200" endtime="20230308 16:07:00.201"/>
</kw>
<kw name="Integer" library="REST">
<arg>response status</arg>
<arg>200</arg>
<tag>assertions</tag>
<doc>*Asserts the field as JSON integer.*</doc>
<status status="PASS" starttime="20230308 16:07:00.201" endtime="20230308 16:07:00.203"/>
</kw>
<kw name="String" library="REST">
<arg>$.data.status</arg>
<arg>${expected_card_status}</arg>
<tag>assertions</tag>
<doc>*Asserts the field as JSON string.*</doc>
<status status="PASS" starttime="20230308 16:07:00.204" endtime="20230308 16:07:00.230"/>
</kw>
<kw name="String" library="REST">
<arg>$.data.cardContractIdentifier.issuerCardContractExternalReference</arg>
<arg>${cntr_res_data.issuerCardContractExternalReference}</arg>
<tag>assertions</tag>
<doc>*Asserts the field as JSON string.*</doc>
<status status="PASS" starttime="20230308 16:07:00.230" endtime="20230308 16:07:00.250"/>
</kw>
<status status="PASS" starttime="20230308 16:06:59.527" endtime="20230308 16:07:00.251"/>
</kw>
<kw name="Run IBO Deactivate a card ext API" library="CardLifeCycleAPI">
<doc>/issuers/{issuerId}/cards/external-cards/{issuerCardExternalReference}/deactivate</doc>
<kw name="set basic Authentication" library="AuthenticationApi">
<kw name="Set Client Authentication" library="REST">
<arg>Basic</arg>
<arg>${API_USERNAME}</arg>
<arg>${API_PASSWORD}</arg>
<tag>settings</tag>
<doc>*Attaches HTTP basic authentication to the given requests.*</doc>
<status status="PASS" starttime="20230308 16:07:00.251" endtime="20230308 16:07:00.251"/>
</kw>
<status status="PASS" starttime="20230308 16:07:00.251" endtime="20230308 16:07:00.251"/>
</kw>
<kw name="Deactivate card Json Data" library="CardLifeCycleAPI">
<var>${JSON_FILE}</var>
<doc>Basic Template to DeActivate a card</doc>
<kw name="Load Json From File" library="JSONLibrary">
<var>${JSON_FILE}</var>
<arg>C:\\Worldline\\IBO_python_workspace\\SANDBOX_V3\\interface\\ibo\\restapi\\card/../../../../files/ibo/restapi/templates/card/DeActivate_card.json</arg>
<doc>Load JSON from file.</doc>
<msg timestamp="20230308 16:07:00.252" level="INFO">${JSON_FILE} = {'reason': 'DEACT_CTRT_CLOSING'}</msg>
<status status="PASS" starttime="20230308 16:07:00.252" endtime="20230308 16:07:00.252"/>
</kw>
<kw name="Update Value To Json" library="JSONLibrary">
<var>${JSON_FILE}</var>
<arg>${JSON_FILE}</arg>
<arg>$.reason</arg>
<arg>DEACT_CTRT_CLOSING</arg>
<doc>Update value to JSON using JSONPath</doc>
<msg timestamp="20230308 16:07:00.269" level="INFO">${JSON_FILE} = {'reason': 'DEACT_CTRT_CLOSING'}</msg>
<status status="PASS" starttime="20230308 16:07:00.253" endtime="20230308 16:07:00.269"/>
</kw>
<msg timestamp="20230308 16:07:00.269" level="INFO">${JSON_FILE} = {'reason': 'DEACT_CTRT_CLOSING'}</msg>
<status status="PASS" starttime="20230308 16:07:00.252" endtime="20230308 16:07:00.269"/>
</kw>
<kw name="POST" library="REST">
<arg>${BASE_API_URL}/issuers/${issuerId}/cards/external-cards/${cntr_res_data.issuerCardExternalReference}/deactivate</arg>
<arg>body=${JSON_FILE}</arg>
<tag>http</tag>
<doc>*Sends a POST request to the endpoint.*</doc>
<status status="PASS" starttime="20230308 16:07:00.269" endtime="20230308 16:07:00.991"/>
</kw>
<kw name="Output" library="REST">
<arg>response body</arg>
<arg>also_console=${response_print_in_console}</arg>
<tag>I/O</tag>
<doc>*Outputs JSON to terminal or a file.*</doc>
<msg timestamp="20230308 16:07:00.991" level="INFO">
{
    "responseMetadata": {
        "correlationId": "e1b43558-73ed-4a3a-b780-b525c617b28e",
        "statusMessage": "Executed successfully",
        "statusCode": 200,
        "responseDateTime": "2023-03-08T11:37:01.487+0100",
        "timeTakenMs": 72
    },
    "data": {
        "cardIdentifier": {
            "cardReference": "000006011",
            "issuerCardExternalReference": "CARD_EXT_REF_2303081606955653"
        },
        "status": "DEACTIVATED",
        "reason": "DEACT_CTRT_CLOSING",
        "deactivationDateTime": "2023-03-08T10:37:01.474+00:00"
    }
}</msg>
<status status="PASS" starttime="20230308 16:07:00.991" endtime="20230308 16:07:00.991"/>
</kw>
<kw name="Integer" library="REST">
<arg>response status</arg>
<arg>200</arg>
<tag>assertions</tag>
<doc>*Asserts the field as JSON integer.*</doc>
<status status="PASS" starttime="20230308 16:07:00.992" endtime="20230308 16:07:00.993"/>
</kw>
<kw name="String" library="REST">
<arg>$.data.status</arg>
<arg>DEACTIVATED</arg>
<tag>assertions</tag>
<doc>*Asserts the field as JSON string.*</doc>
<status status="PASS" starttime="20230308 16:07:00.993" endtime="20230308 16:07:01.013"/>
</kw>
<status status="PASS" starttime="20230308 16:07:00.251" endtime="20230308 16:07:01.014"/>
</kw>
<kw name="Run IBO Retrieve card ext API" library="CardLifeCycleAPI">
<arg>DEACTIVATED</arg>
<doc>/issuers/{issuerId}/cards/external-cards/{issuerCardExternalReference}</doc>
<kw name="set basic Authentication" library="AuthenticationApi">
<kw name="Set Client Authentication" library="REST">
<arg>Basic</arg>
<arg>${API_USERNAME}</arg>
<arg>${API_PASSWORD}</arg>
<tag>settings</tag>
<doc>*Attaches HTTP basic authentication to the given requests.*</doc>
<status status="PASS" starttime="20230308 16:07:01.014" endtime="20230308 16:07:01.014"/>
</kw>
<status status="PASS" starttime="20230308 16:07:01.014" endtime="20230308 16:07:01.014"/>
</kw>
<kw name="GET" library="REST">
<arg>${BASE_API_URL}/issuers/${issuerId}/cards/external-cards/${cntr_res_data.issuerCardExternalReference}</arg>
<tag>http</tag>
<doc>*Sends a GET request to the endpoint.*</doc>
<status status="PASS" starttime="20230308 16:07:01.014" endtime="20230308 16:07:01.683"/>
</kw>
<kw name="Output" library="REST">
<var>${response}</var>
<arg>response body</arg>
<arg>also_console=False</arg>
<tag>I/O</tag>
<doc>*Outputs JSON to terminal or a file.*</doc>
<msg timestamp="20230308 16:07:01.684" level="INFO">
{
    "responseMetadata": {
        "correlationId": "8b3b89ff-3742-4103-bd13-7c36cc0aa100",
        "statusMessage": "Executed successfully",
        "statusCode": 200,
        "responseDateTime": "2023-03-08T11:37:02.224+0100",
        "timeTakenMs": 17
    },
    "data": {
        "issuerId": "10004",
        "cardIdentifier": {
            "cardReference": "000006011",
            "issuerCardExternalReference": "CARD_EXT_REF_2303081606955653"
        },
        "pan": "6779300075552539",
        "maskedPan": "677930******2539",
        "panReference": "2004a94b430b0186496e8855c5d698a568c0",
        "expiryDate": "0328",
        "panSequenceNumber": "1",
        "status": "DEACTIVATED",
        "statusDate": "2023-03-08T10:37:01.474+00:00",
        "embossingName": "NLTOBTUIZMUZ ANNABATHINA",
        "artwork": "1101B",
        "permanentlyBlocked": false,
        "emergencyCard": false,
        "emergencyCashAdvance": false,
        "renewed": false,
        "replaced": false,
        "cardContractIdentifier": {
            "cardContractReference": "10004000006010",
            "issuerCardContractExternalReference": "CARD_CNT_EXT_REF_2303081606955653"
        },
        "isCardDigitalizationAllowed": false,
        "cardScheme": "MASTERCARD",
        "virtual": false,
        "techAndAppModelName": "M_10004_APPTEC_MAESTRO",
        "contractType": "CONSUMER"
    }
}</msg>
<msg timestamp="20230308 16:07:01.684" level="INFO">${response} = {'responseMetadata': {'correlationId': '8b3b89ff-3742-4103-bd13-7c36cc0aa100', 'statusMessage': 'Executed successfully', 'statusCode': 200, 'responseDateTime': '2023-03-08T11:37:02.224+0100', 'timeTak...</msg>
<status status="PASS" starttime="20230308 16:07:01.683" endtime="20230308 16:07:01.684"/>
</kw>
<kw name="Output" library="REST">
<arg>response body</arg>
<arg>also_console=${response_print_in_console}</arg>
<tag>I/O</tag>
<doc>*Outputs JSON to terminal or a file.*</doc>
<msg timestamp="20230308 16:07:01.684" level="INFO">
{
    "responseMetadata": {
        "correlationId": "8b3b89ff-3742-4103-bd13-7c36cc0aa100",
        "statusMessage": "Executed successfully",
        "statusCode": 200,
        "responseDateTime": "2023-03-08T11:37:02.224+0100",
        "timeTakenMs": 17
    },
    "data": {
        "issuerId": "10004",
        "cardIdentifier": {
            "cardReference": "000006011",
            "issuerCardExternalReference": "CARD_EXT_REF_2303081606955653"
        },
        "pan": "6779300075552539",
        "maskedPan": "677930******2539",
        "panReference": "2004a94b430b0186496e8855c5d698a568c0",
        "expiryDate": "0328",
        "panSequenceNumber": "1",
        "status": "DEACTIVATED",
        "statusDate": "2023-03-08T10:37:01.474+00:00",
        "embossingName": "NLTOBTUIZMUZ ANNABATHINA",
        "artwork": "1101B",
        "permanentlyBlocked": false,
        "emergencyCard": false,
        "emergencyCashAdvance": false,
        "renewed": false,
        "replaced": false,
        "cardContractIdentifier": {
            "cardContractReference": "10004000006010",
            "issuerCardContractExternalReference": "CARD_CNT_EXT_REF_2303081606955653"
        },
        "isCardDigitalizationAllowed": false,
        "cardScheme": "MASTERCARD",
        "virtual": false,
        "techAndAppModelName": "M_10004_APPTEC_MAESTRO",
        "contractType": "CONSUMER"
    }
}</msg>
<status status="PASS" starttime="20230308 16:07:01.684" endtime="20230308 16:07:01.684"/>
</kw>
<kw name="Integer" library="REST">
<arg>response status</arg>
<arg>200</arg>
<tag>assertions</tag>
<doc>*Asserts the field as JSON integer.*</doc>
<status status="PASS" starttime="20230308 16:07:01.684" endtime="20230308 16:07:01.685"/>
</kw>
<kw name="String" library="REST">
<arg>$.data.status</arg>
<arg>${expected_card_status}</arg>
<tag>assertions</tag>
<doc>*Asserts the field as JSON string.*</doc>
<status status="PASS" starttime="20230308 16:07:01.686" endtime="20230308 16:07:01.703"/>
</kw>
<kw name="String" library="REST">
<arg>$.data.cardContractIdentifier.issuerCardContractExternalReference</arg>
<arg>${cntr_res_data.issuerCardContractExternalReference}</arg>
<tag>assertions</tag>
<doc>*Asserts the field as JSON string.*</doc>
<status status="PASS" starttime="20230308 16:07:01.703" endtime="20230308 16:07:01.718"/>
</kw>
<status status="PASS" starttime="20230308 16:07:01.014" endtime="20230308 16:07:01.718"/>
</kw>
<status status="PASS" starttime="20230308 16:06:53.952" endtime="20230308 16:07:01.718"/>
</kw>
<tag>apiv2</tag>
<status status="PASS" starttime="20230308 16:06:53.952" endtime="20230308 16:07:01.719"/>
</test>
<status status="PASS" starttime="20230308 16:06:30.050" endtime="20230308 16:07:01.720"/>
</suite>
<statistics>
<total>
<stat pass="5" fail="0" skip="0">All Tests</stat>
</total>
<tag>
<stat pass="5" fail="0" skip="0">apiv2</stat>
</tag>
<suite>
<stat pass="5" fail="0" skip="0" id="s1" name="Andromeda2">Andromeda2</stat>
</suite>
</statistics>
<errors>
</errors>
</robot>
